Analysis & Synthesis report for Practica10
Sun Nov 05 17:34:55 2023
Quartus Prime Version 20.1.1 Build 720 11/11/2020 SJ Lite Edition


---------------------
; Table of Contents ;
---------------------
  1. Legal Notice
  2. Analysis & Synthesis Summary
  3. Analysis & Synthesis Settings
  4. Parallel Compilation
  5. Analysis & Synthesis Source Files Read
  6. Analysis & Synthesis Resource Usage Summary
  7. Analysis & Synthesis Resource Utilization by Entity
  8. User-Specified and Inferred Latches
  9. Registers Removed During Synthesis
 10. General Register Statistics
 11. Inverted Register Statistics
 12. Multiplexer Restructuring Statistics (Restructuring Performed)
 13. Source assignments for Top-level Entity: |vga
 14. Parameter Settings for User Entity Instance: Top-level Entity: |vga
 15. Post-Synthesis Netlist Statistics for Top Partition
 16. Elapsed Time Per Partition
 17. Analysis & Synthesis Messages



----------------
; Legal Notice ;
----------------
Copyright (C) 2020  Intel Corporation. All rights reserved.
Your use of Intel Corporation's design tools, logic functions 
and other software and tools, and any partner logic 
functions, and any output files from any of the foregoing 
(including device programming or simulation files), and any 
associated documentation or information are expressly subject 
to the terms and conditions of the Intel Program License 
Subscription Agreement, the Intel Quartus Prime License Agreement,
the Intel FPGA IP License Agreement, or other applicable license
agreement, including, without limitation, that your use is for
the sole purpose of programming logic devices manufactured by
Intel and sold by Intel or its authorized distributors.  Please
refer to the applicable agreement for further details, at
https://fpgasoftware.intel.com/eula.



+----------------------------------------------------------------------------------+
; Analysis & Synthesis Summary                                                     ;
+------------------------------------+---------------------------------------------+
; Analysis & Synthesis Status        ; Successful - Sun Nov 05 17:34:55 2023       ;
; Quartus Prime Version              ; 20.1.1 Build 720 11/11/2020 SJ Lite Edition ;
; Revision Name                      ; Practica10                                  ;
; Top-level Entity Name              ; vga                                         ;
; Family                             ; MAX 10                                      ;
; Total logic elements               ; 846                                         ;
;     Total combinational functions  ; 826                                         ;
;     Dedicated logic registers      ; 52                                          ;
; Total registers                    ; 52                                          ;
; Total pins                         ; 19                                          ;
; Total virtual pins                 ; 0                                           ;
; Total memory bits                  ; 0                                           ;
; Embedded Multiplier 9-bit elements ; 0                                           ;
; Total PLLs                         ; 0                                           ;
; UFM blocks                         ; 0                                           ;
; ADC blocks                         ; 0                                           ;
+------------------------------------+---------------------------------------------+


+------------------------------------------------------------------------------------------------------------+
; Analysis & Synthesis Settings                                                                              ;
+------------------------------------------------------------------+--------------------+--------------------+
; Option                                                           ; Setting            ; Default Value      ;
+------------------------------------------------------------------+--------------------+--------------------+
; Device                                                           ; 10M50DAF484C7G     ;                    ;
; Top-level entity name                                            ; vga                ; Practica10         ;
; Family name                                                      ; MAX 10             ; Cyclone V          ;
; Use smart compilation                                            ; Off                ; Off                ;
; Enable parallel Assembler and Timing Analyzer during compilation ; On                 ; On                 ;
; Enable compact report table                                      ; Off                ; Off                ;
; Restructure Multiplexers                                         ; Auto               ; Auto               ;
; Create Debugging Nodes for IP Cores                              ; Off                ; Off                ;
; Preserve fewer node names                                        ; On                 ; On                 ;
; Intel FPGA IP Evaluation Mode                                    ; Enable             ; Enable             ;
; Verilog Version                                                  ; Verilog_2001       ; Verilog_2001       ;
; VHDL Version                                                     ; VHDL_1993          ; VHDL_1993          ;
; State Machine Processing                                         ; Auto               ; Auto               ;
; Safe State Machine                                               ; Off                ; Off                ;
; Extract Verilog State Machines                                   ; On                 ; On                 ;
; Extract VHDL State Machines                                      ; On                 ; On                 ;
; Ignore Verilog initial constructs                                ; Off                ; Off                ;
; Iteration limit for constant Verilog loops                       ; 5000               ; 5000               ;
; Iteration limit for non-constant Verilog loops                   ; 250                ; 250                ;
; Add Pass-Through Logic to Inferred RAMs                          ; On                 ; On                 ;
; Infer RAMs from Raw Logic                                        ; On                 ; On                 ;
; Parallel Synthesis                                               ; On                 ; On                 ;
; DSP Block Balancing                                              ; Auto               ; Auto               ;
; NOT Gate Push-Back                                               ; On                 ; On                 ;
; Power-Up Don't Care                                              ; On                 ; On                 ;
; Remove Redundant Logic Cells                                     ; Off                ; Off                ;
; Remove Duplicate Registers                                       ; On                 ; On                 ;
; Ignore CARRY Buffers                                             ; Off                ; Off                ;
; Ignore CASCADE Buffers                                           ; Off                ; Off                ;
; Ignore GLOBAL Buffers                                            ; Off                ; Off                ;
; Ignore ROW GLOBAL Buffers                                        ; Off                ; Off                ;
; Ignore LCELL Buffers                                             ; Off                ; Off                ;
; Ignore SOFT Buffers                                              ; On                 ; On                 ;
; Limit AHDL Integers to 32 Bits                                   ; Off                ; Off                ;
; Optimization Technique                                           ; Balanced           ; Balanced           ;
; Carry Chain Length                                               ; 70                 ; 70                 ;
; Auto Carry Chains                                                ; On                 ; On                 ;
; Auto Open-Drain Pins                                             ; On                 ; On                 ;
; Perform WYSIWYG Primitive Resynthesis                            ; Off                ; Off                ;
; Auto ROM Replacement                                             ; On                 ; On                 ;
; Auto RAM Replacement                                             ; On                 ; On                 ;
; Auto DSP Block Replacement                                       ; On                 ; On                 ;
; Auto Shift Register Replacement                                  ; Auto               ; Auto               ;
; Allow Shift Register Merging across Hierarchies                  ; Auto               ; Auto               ;
; Auto Clock Enable Replacement                                    ; On                 ; On                 ;
; Strict RAM Replacement                                           ; Off                ; Off                ;
; Allow Synchronous Control Signals                                ; On                 ; On                 ;
; Force Use of Synchronous Clear Signals                           ; Off                ; Off                ;
; Auto RAM Block Balancing                                         ; On                 ; On                 ;
; Auto RAM to Logic Cell Conversion                                ; Off                ; Off                ;
; Auto Resource Sharing                                            ; Off                ; Off                ;
; Allow Any RAM Size For Recognition                               ; Off                ; Off                ;
; Allow Any ROM Size For Recognition                               ; Off                ; Off                ;
; Allow Any Shift Register Size For Recognition                    ; Off                ; Off                ;
; Use LogicLock Constraints during Resource Balancing              ; On                 ; On                 ;
; Ignore translate_off and synthesis_off directives                ; Off                ; Off                ;
; Timing-Driven Synthesis                                          ; On                 ; On                 ;
; Report Parameter Settings                                        ; On                 ; On                 ;
; Report Source Assignments                                        ; On                 ; On                 ;
; Report Connectivity Checks                                       ; On                 ; On                 ;
; Ignore Maximum Fan-Out Assignments                               ; Off                ; Off                ;
; Synchronization Register Chain Length                            ; 2                  ; 2                  ;
; Power Optimization During Synthesis                              ; Normal compilation ; Normal compilation ;
; HDL message level                                                ; Level2             ; Level2             ;
; Suppress Register Optimization Related Messages                  ; Off                ; Off                ;
; Number of Removed Registers Reported in Synthesis Report         ; 5000               ; 5000               ;
; Number of Swept Nodes Reported in Synthesis Report               ; 5000               ; 5000               ;
; Number of Inverted Registers Reported in Synthesis Report        ; 100                ; 100                ;
; Clock MUX Protection                                             ; On                 ; On                 ;
; Auto Gated Clock Conversion                                      ; Off                ; Off                ;
; Block Design Naming                                              ; Auto               ; Auto               ;
; SDC constraint protection                                        ; Off                ; Off                ;
; Synthesis Effort                                                 ; Auto               ; Auto               ;
; Shift Register Replacement - Allow Asynchronous Clear Signal     ; On                 ; On                 ;
; Pre-Mapping Resynthesis Optimization                             ; Off                ; Off                ;
; Analysis & Synthesis Message Level                               ; Medium             ; Medium             ;
; Disable Register Merging Across Hierarchies                      ; Auto               ; Auto               ;
; Resource Aware Inference For Block RAM                           ; On                 ; On                 ;
+------------------------------------------------------------------+--------------------+--------------------+


+------------------------------------------+
; Parallel Compilation                     ;
+----------------------------+-------------+
; Processors                 ; Number      ;
+----------------------------+-------------+
; Number detected on machine ; 4           ;
; Maximum allowed            ; 2           ;
;                            ;             ;
; Average used               ; 1.00        ;
; Maximum used               ; 2           ;
;                            ;             ;
; Usage by Processor         ; % Time Used ;
;     Processor 1            ; 100.0%      ;
;     Processor 2            ;   0.0%      ;
+----------------------------+-------------+


+--------------------------------------------------------------------------------------------------------------------------------------------------+
; Analysis & Synthesis Source Files Read                                                                                                           ;
+----------------------------------+-----------------+-----------------+-----------------------------------------------------------------+---------+
; File Name with User-Entered Path ; Used in Netlist ; File Type       ; File Name with Absolute Path                                    ; Library ;
+----------------------------------+-----------------+-----------------+-----------------------------------------------------------------+---------+
; vga.vhd                          ; yes             ; User VHDL File  ; C:/Users/IsraCode/Documents/FI/2024-1/VLSI/p10/compproo/vga.vhd ;         ;
+----------------------------------+-----------------+-----------------+-----------------------------------------------------------------+---------+


+-----------------------------------------------------+
; Analysis & Synthesis Resource Usage Summary         ;
+---------------------------------------------+-------+
; Resource                                    ; Usage ;
+---------------------------------------------+-------+
; Estimated Total logic elements              ; 846   ;
;                                             ;       ;
; Total combinational functions               ; 826   ;
; Logic element usage by number of LUT inputs ;       ;
;     -- 4 input functions                    ; 282   ;
;     -- 3 input functions                    ; 305   ;
;     -- <=2 input functions                  ; 239   ;
;                                             ;       ;
; Logic elements by mode                      ;       ;
;     -- normal mode                          ; 459   ;
;     -- arithmetic mode                      ; 367   ;
;                                             ;       ;
; Total registers                             ; 52    ;
;     -- Dedicated logic registers            ; 52    ;
;     -- I/O registers                        ; 0     ;
;                                             ;       ;
; I/O pins                                    ; 19    ;
;                                             ;       ;
; Embedded Multiplier 9-bit elements          ; 0     ;
;                                             ;       ;
; Maximum fan-out node                        ; x[4]  ;
; Maximum fan-out                             ; 77    ;
; Total fan-out                               ; 2644  ;
; Average fan-out                             ; 2.89  ;
+---------------------------------------------+-------+


+------------------------------------------------------------------------------------------------------------------------------------------------------------------------------------------------------------------------------------+
; Analysis & Synthesis Resource Utilization by Entity                                                                                                                                                                                ;
+----------------------------+---------------------+---------------------------+-------------+------------+--------------+---------+-----------+------+--------------+------------+---------------------+-------------+--------------+
; Compilation Hierarchy Node ; Combinational ALUTs ; Dedicated Logic Registers ; Memory Bits ; UFM Blocks ; DSP Elements ; DSP 9x9 ; DSP 18x18 ; Pins ; Virtual Pins ; ADC blocks ; Full Hierarchy Name ; Entity Name ; Library Name ;
+----------------------------+---------------------+---------------------------+-------------+------------+--------------+---------+-----------+------+--------------+------------+---------------------+-------------+--------------+
; |vga                       ; 826 (826)           ; 52 (52)                   ; 0           ; 0          ; 0            ; 0       ; 0         ; 19   ; 0            ; 0          ; |vga                ; vga         ; work         ;
+----------------------------+---------------------+---------------------------+-------------+------------+--------------+---------+-----------+------+--------------+------------+---------------------+-------------+--------------+
Note: For table entries with two numbers listed, the numbers in parentheses indicate the number of resources of the given type used by the specific entity alone. The numbers listed outside of parentheses indicate the total resources of the given type used by the specific entity and all of its sub-entities in the hierarchy.


+---------------------------------------------------------------------------------------------------+
; User-Specified and Inferred Latches                                                               ;
+----------------------------------------------------+---------------------+------------------------+
; Latch Name                                         ; Latch Enable Signal ; Free of Timing Hazards ;
+----------------------------------------------------+---------------------+------------------------+
; green[0]$latch                                     ; green[3]            ; yes                    ;
; green[1]$latch                                     ; green[3]            ; yes                    ;
; green[2]$latch                                     ; green[3]            ; yes                    ;
; green[3]$latch                                     ; green[3]            ; yes                    ;
; blue[0]$latch                                      ; green[3]            ; yes                    ;
; blue[1]$latch                                      ; green[3]            ; yes                    ;
; blue[2]$latch                                      ; green[3]            ; yes                    ;
; blue[3]$latch                                      ; green[3]            ; yes                    ;
; Number of user-specified and inferred latches = 8  ;                     ;                        ;
+----------------------------------------------------+---------------------+------------------------+
Note: All latches listed above may not be present at the end of synthesis due to various synthesis optimizations.


+---------------------------------------------------------------------------------+
; Registers Removed During Synthesis                                              ;
+----------------------------------------+----------------------------------------+
; Register name                          ; Reason for Removal                     ;
+----------------------------------------+----------------------------------------+
; row[9,10]                              ; Stuck at GND due to stuck port data_in ;
; y[0,3,5,6]                             ; Stuck at GND due to stuck port data_in ;
; x[0,2,9]                               ; Stuck at GND due to stuck port data_in ;
; row[11..30]                            ; Stuck at GND due to stuck port data_in ;
; column[10..30]                         ; Stuck at GND due to stuck port data_in ;
; x[3]                                   ; Merged with x[1]                       ;
; y[1]                                   ; Merged with x[4]                       ;
; x[6,7]                                 ; Merged with x[5]                       ;
; Total Number of Removed Registers = 54 ;                                        ;
+----------------------------------------+----------------------------------------+


+------------------------------------------------------+
; General Register Statistics                          ;
+----------------------------------------------+-------+
; Statistic                                    ; Value ;
+----------------------------------------------+-------+
; Total registers                              ; 52    ;
; Number of registers using Synchronous Clear  ; 19    ;
; Number of registers using Synchronous Load   ; 0     ;
; Number of registers using Asynchronous Clear ; 0     ;
; Number of registers using Asynchronous Load  ; 0     ;
; Number of registers using Clock Enable       ; 30    ;
; Number of registers using Preset             ; 0     ;
+----------------------------------------------+-------+


+--------------------------------------------------+
; Inverted Register Statistics                     ;
+----------------------------------------+---------+
; Inverted Register                      ; Fan out ;
+----------------------------------------+---------+
; row[31]                                ; 37      ;
; column[31]                             ; 44      ;
; y[8]                                   ; 29      ;
; y[7]                                   ; 32      ;
; y[4]                                   ; 47      ;
; column[0]                              ; 7       ;
; row[0]                                 ; 7       ;
; Total number of inverted registers = 7 ;         ;
+----------------------------------------+---------+


+------------------------------------------------------------------------------------------------------------------------------------------+
; Multiplexer Restructuring Statistics (Restructuring Performed)                                                                           ;
+--------------------+-----------+---------------+----------------------+------------------------+------------+----------------------------+
; Multiplexer Inputs ; Bus Width ; Baseline Area ; Area if Restructured ; Saving if Restructured ; Registered ; Example Multiplexer Output ;
+--------------------+-----------+---------------+----------------------+------------------------+------------+----------------------------+
; 3:1                ; 3 bits    ; 6 LEs         ; 6 LEs                ; 0 LEs                  ; Yes        ; |vga|x[1]                  ;
+--------------------+-----------+---------------+----------------------+------------------------+------------+----------------------------+


+-----------------------------------------------+
; Source assignments for Top-level Entity: |vga ;
+------------+---------+------+-----------------+
; Assignment ; Value   ; From ; To              ;
+------------+---------+------+-----------------+
; LOCATION   ; Pin_Y1  ; -    ; red[3]          ;
; LOCATION   ; Pin_Y2  ; -    ; red[2]          ;
; LOCATION   ; Pin_v1  ; -    ; red[1]          ;
; LOCATION   ; Pin_AA1 ; -    ; red[0]          ;
; LOCATION   ; Pin_R1  ; -    ; green[3]        ;
; LOCATION   ; Pin_R2  ; -    ; green[2]        ;
; LOCATION   ; Pin_T2  ; -    ; green[1]        ;
; LOCATION   ; Pin_W1  ; -    ; green[0]        ;
; LOCATION   ; Pin_N2  ; -    ; blue[3]         ;
; LOCATION   ; Pin_P4  ; -    ; blue[2]         ;
; LOCATION   ; Pin_T1  ; -    ; blue[1]         ;
; LOCATION   ; Pin_P1  ; -    ; blue[0]         ;
; LOCATION   ; Pin_P11 ; -    ; clk50MHz        ;
; LOCATION   ; Pin_C10 ; -    ; sw1             ;
; LOCATION   ; Pin_C11 ; -    ; sw2             ;
; LOCATION   ; Pin_D12 ; -    ; sw3             ;
; LOCATION   ; Pin_C12 ; -    ; sw4             ;
; LOCATION   ; Pin_N3  ; -    ; h_sync          ;
; LOCATION   ; Pin_N1  ; -    ; v_sync          ;
+------------+---------+------+-----------------+


+---------------------------------------------------------------------+
; Parameter Settings for User Entity Instance: Top-level Entity: |vga ;
+----------------+-------+--------------------------------------------+
; Parameter Name ; Value ; Type                                       ;
+----------------+-------+--------------------------------------------+
; h_pulse        ; 96    ; Signed Integer                             ;
; h_bp           ; 48    ; Signed Integer                             ;
; h_pixels       ; 640   ; Signed Integer                             ;
; h_fp           ; 16    ; Signed Integer                             ;
; v_pulse        ; 2     ; Signed Integer                             ;
; v_bp           ; 33    ; Signed Integer                             ;
; v_pixels       ; 400   ; Signed Integer                             ;
; v_fp           ; 10    ; Signed Integer                             ;
+----------------+-------+--------------------------------------------+
Note: In order to hide this table in the UI and the text report file, please set the "Show Parameter Settings in Synthesis Report" option in "Analysis and Synthesis Settings -> More Settings" to "Off".


+-----------------------------------------------------+
; Post-Synthesis Netlist Statistics for Top Partition ;
+-----------------------+-----------------------------+
; Type                  ; Count                       ;
+-----------------------+-----------------------------+
; boundary_port         ; 19                          ;
; cycloneiii_ff         ; 52                          ;
;     ENA               ; 21                          ;
;     ENA SCLR          ; 9                           ;
;     SCLR              ; 10                          ;
;     plain             ; 12                          ;
; cycloneiii_lcell_comb ; 826                         ;
;     arith             ; 367                         ;
;         1 data inputs ; 14                          ;
;         2 data inputs ; 116                         ;
;         3 data inputs ; 237                         ;
;     normal            ; 459                         ;
;         0 data inputs ; 20                          ;
;         1 data inputs ; 7                           ;
;         2 data inputs ; 82                          ;
;         3 data inputs ; 68                          ;
;         4 data inputs ; 282                         ;
;                       ;                             ;
; Max LUT depth         ; 12.00                       ;
; Average LUT depth     ; 8.42                        ;
+-----------------------+-----------------------------+


+-------------------------------+
; Elapsed Time Per Partition    ;
+----------------+--------------+
; Partition Name ; Elapsed Time ;
+----------------+--------------+
; Top            ; 00:00:03     ;
+----------------+--------------+


+-------------------------------+
; Analysis & Synthesis Messages ;
+-------------------------------+
Info: *******************************************************************
Info: Running Quartus Prime Analysis & Synthesis
    Info: Version 20.1.1 Build 720 11/11/2020 SJ Lite Edition
    Info: Processing started: Sun Nov 05 17:34:34 2023
Info: Command: quartus_map --read_settings_files=on --write_settings_files=off Practica10 -c Practica10
Warning (18236): Number of processors has not been specified which may cause overloading on shared machines.  Set the global assignment NUM_PARALLEL_PROCESSORS in your QSF to an appropriate value for best performance.
Info (20030): Parallel compilation is enabled and will use 2 of the 2 processors detected
Info (12021): Found 2 design units, including 1 entities, in source file vga.vhd
    Info (12022): Found design unit 1: vga-behaivoral File: C:/Users/IsraCode/Documents/FI/2024-1/VLSI/p10/compproo/vga.vhd Line: 26
    Info (12023): Found entity 1: vga File: C:/Users/IsraCode/Documents/FI/2024-1/VLSI/p10/compproo/vga.vhd Line: 5
Info (12127): Elaborating entity "vga" for the top level hierarchy
Warning (10492): VHDL Process Statement warning at vga.vhd(117): signal "x" is read inside the Process Statement but isn't in the Process Statement's sensitivity list File: C:/Users/IsraCode/Documents/FI/2024-1/VLSI/p10/compproo/vga.vhd Line: 117
Warning (10492): VHDL Process Statement warning at vga.vhd(117): signal "y" is read inside the Process Statement but isn't in the Process Statement's sensitivity list File: C:/Users/IsraCode/Documents/FI/2024-1/VLSI/p10/compproo/vga.vhd Line: 117
Warning (10492): VHDL Process Statement warning at vga.vhd(121): signal "x" is read inside the Process Statement but isn't in the Process Statement's sensitivity list File: C:/Users/IsraCode/Documents/FI/2024-1/VLSI/p10/compproo/vga.vhd Line: 121
Warning (10492): VHDL Process Statement warning at vga.vhd(121): signal "y" is read inside the Process Statement but isn't in the Process Statement's sensitivity list File: C:/Users/IsraCode/Documents/FI/2024-1/VLSI/p10/compproo/vga.vhd Line: 121
Warning (10492): VHDL Process Statement warning at vga.vhd(125): signal "x" is read inside the Process Statement but isn't in the Process Statement's sensitivity list File: C:/Users/IsraCode/Documents/FI/2024-1/VLSI/p10/compproo/vga.vhd Line: 125
Warning (10492): VHDL Process Statement warning at vga.vhd(125): signal "y" is read inside the Process Statement but isn't in the Process Statement's sensitivity list File: C:/Users/IsraCode/Documents/FI/2024-1/VLSI/p10/compproo/vga.vhd Line: 125
Warning (10492): VHDL Process Statement warning at vga.vhd(129): signal "x" is read inside the Process Statement but isn't in the Process Statement's sensitivity list File: C:/Users/IsraCode/Documents/FI/2024-1/VLSI/p10/compproo/vga.vhd Line: 129
Warning (10492): VHDL Process Statement warning at vga.vhd(129): signal "y" is read inside the Process Statement but isn't in the Process Statement's sensitivity list File: C:/Users/IsraCode/Documents/FI/2024-1/VLSI/p10/compproo/vga.vhd Line: 129
Warning (10492): VHDL Process Statement warning at vga.vhd(136): signal "x" is read inside the Process Statement but isn't in the Process Statement's sensitivity list File: C:/Users/IsraCode/Documents/FI/2024-1/VLSI/p10/compproo/vga.vhd Line: 136
Warning (10492): VHDL Process Statement warning at vga.vhd(136): signal "y" is read inside the Process Statement but isn't in the Process Statement's sensitivity list File: C:/Users/IsraCode/Documents/FI/2024-1/VLSI/p10/compproo/vga.vhd Line: 136
Warning (10492): VHDL Process Statement warning at vga.vhd(140): signal "x" is read inside the Process Statement but isn't in the Process Statement's sensitivity list File: C:/Users/IsraCode/Documents/FI/2024-1/VLSI/p10/compproo/vga.vhd Line: 140
Warning (10492): VHDL Process Statement warning at vga.vhd(140): signal "y" is read inside the Process Statement but isn't in the Process Statement's sensitivity list File: C:/Users/IsraCode/Documents/FI/2024-1/VLSI/p10/compproo/vga.vhd Line: 140
Warning (10492): VHDL Process Statement warning at vga.vhd(145): signal "x" is read inside the Process Statement but isn't in the Process Statement's sensitivity list File: C:/Users/IsraCode/Documents/FI/2024-1/VLSI/p10/compproo/vga.vhd Line: 145
Warning (10492): VHDL Process Statement warning at vga.vhd(145): signal "y" is read inside the Process Statement but isn't in the Process Statement's sensitivity list File: C:/Users/IsraCode/Documents/FI/2024-1/VLSI/p10/compproo/vga.vhd Line: 145
Warning (10492): VHDL Process Statement warning at vga.vhd(149): signal "x" is read inside the Process Statement but isn't in the Process Statement's sensitivity list File: C:/Users/IsraCode/Documents/FI/2024-1/VLSI/p10/compproo/vga.vhd Line: 149
Warning (10492): VHDL Process Statement warning at vga.vhd(149): signal "y" is read inside the Process Statement but isn't in the Process Statement's sensitivity list File: C:/Users/IsraCode/Documents/FI/2024-1/VLSI/p10/compproo/vga.vhd Line: 149
Warning (10492): VHDL Process Statement warning at vga.vhd(154): signal "x" is read inside the Process Statement but isn't in the Process Statement's sensitivity list File: C:/Users/IsraCode/Documents/FI/2024-1/VLSI/p10/compproo/vga.vhd Line: 154
Warning (10492): VHDL Process Statement warning at vga.vhd(154): signal "y" is read inside the Process Statement but isn't in the Process Statement's sensitivity list File: C:/Users/IsraCode/Documents/FI/2024-1/VLSI/p10/compproo/vga.vhd Line: 154
Warning (10492): VHDL Process Statement warning at vga.vhd(158): signal "x" is read inside the Process Statement but isn't in the Process Statement's sensitivity list File: C:/Users/IsraCode/Documents/FI/2024-1/VLSI/p10/compproo/vga.vhd Line: 158
Warning (10492): VHDL Process Statement warning at vga.vhd(158): signal "y" is read inside the Process Statement but isn't in the Process Statement's sensitivity list File: C:/Users/IsraCode/Documents/FI/2024-1/VLSI/p10/compproo/vga.vhd Line: 158
Warning (10492): VHDL Process Statement warning at vga.vhd(162): signal "x" is read inside the Process Statement but isn't in the Process Statement's sensitivity list File: C:/Users/IsraCode/Documents/FI/2024-1/VLSI/p10/compproo/vga.vhd Line: 162
Warning (10492): VHDL Process Statement warning at vga.vhd(162): signal "y" is read inside the Process Statement but isn't in the Process Statement's sensitivity list File: C:/Users/IsraCode/Documents/FI/2024-1/VLSI/p10/compproo/vga.vhd Line: 162
Warning (10492): VHDL Process Statement warning at vga.vhd(166): signal "x" is read inside the Process Statement but isn't in the Process Statement's sensitivity list File: C:/Users/IsraCode/Documents/FI/2024-1/VLSI/p10/compproo/vga.vhd Line: 166
Warning (10492): VHDL Process Statement warning at vga.vhd(166): signal "y" is read inside the Process Statement but isn't in the Process Statement's sensitivity list File: C:/Users/IsraCode/Documents/FI/2024-1/VLSI/p10/compproo/vga.vhd Line: 166
Warning (10492): VHDL Process Statement warning at vga.vhd(171): signal "x" is read inside the Process Statement but isn't in the Process Statement's sensitivity list File: C:/Users/IsraCode/Documents/FI/2024-1/VLSI/p10/compproo/vga.vhd Line: 171
Warning (10492): VHDL Process Statement warning at vga.vhd(171): signal "y" is read inside the Process Statement but isn't in the Process Statement's sensitivity list File: C:/Users/IsraCode/Documents/FI/2024-1/VLSI/p10/compproo/vga.vhd Line: 171
Warning (10492): VHDL Process Statement warning at vga.vhd(175): signal "x" is read inside the Process Statement but isn't in the Process Statement's sensitivity list File: C:/Users/IsraCode/Documents/FI/2024-1/VLSI/p10/compproo/vga.vhd Line: 175
Warning (10492): VHDL Process Statement warning at vga.vhd(175): signal "y" is read inside the Process Statement but isn't in the Process Statement's sensitivity list File: C:/Users/IsraCode/Documents/FI/2024-1/VLSI/p10/compproo/vga.vhd Line: 175
Warning (10492): VHDL Process Statement warning at vga.vhd(179): signal "x" is read inside the Process Statement but isn't in the Process Statement's sensitivity list File: C:/Users/IsraCode/Documents/FI/2024-1/VLSI/p10/compproo/vga.vhd Line: 179
Warning (10492): VHDL Process Statement warning at vga.vhd(179): signal "y" is read inside the Process Statement but isn't in the Process Statement's sensitivity list File: C:/Users/IsraCode/Documents/FI/2024-1/VLSI/p10/compproo/vga.vhd Line: 179
Warning (10492): VHDL Process Statement warning at vga.vhd(184): signal "x" is read inside the Process Statement but isn't in the Process Statement's sensitivity list File: C:/Users/IsraCode/Documents/FI/2024-1/VLSI/p10/compproo/vga.vhd Line: 184
Warning (10492): VHDL Process Statement warning at vga.vhd(184): signal "y" is read inside the Process Statement but isn't in the Process Statement's sensitivity list File: C:/Users/IsraCode/Documents/FI/2024-1/VLSI/p10/compproo/vga.vhd Line: 184
Warning (10492): VHDL Process Statement warning at vga.vhd(188): signal "x" is read inside the Process Statement but isn't in the Process Statement's sensitivity list File: C:/Users/IsraCode/Documents/FI/2024-1/VLSI/p10/compproo/vga.vhd Line: 188
Warning (10492): VHDL Process Statement warning at vga.vhd(188): signal "y" is read inside the Process Statement but isn't in the Process Statement's sensitivity list File: C:/Users/IsraCode/Documents/FI/2024-1/VLSI/p10/compproo/vga.vhd Line: 188
Warning (10492): VHDL Process Statement warning at vga.vhd(192): signal "x" is read inside the Process Statement but isn't in the Process Statement's sensitivity list File: C:/Users/IsraCode/Documents/FI/2024-1/VLSI/p10/compproo/vga.vhd Line: 192
Warning (10492): VHDL Process Statement warning at vga.vhd(192): signal "y" is read inside the Process Statement but isn't in the Process Statement's sensitivity list File: C:/Users/IsraCode/Documents/FI/2024-1/VLSI/p10/compproo/vga.vhd Line: 192
Warning (10492): VHDL Process Statement warning at vga.vhd(196): signal "x" is read inside the Process Statement but isn't in the Process Statement's sensitivity list File: C:/Users/IsraCode/Documents/FI/2024-1/VLSI/p10/compproo/vga.vhd Line: 196
Warning (10492): VHDL Process Statement warning at vga.vhd(196): signal "y" is read inside the Process Statement but isn't in the Process Statement's sensitivity list File: C:/Users/IsraCode/Documents/FI/2024-1/VLSI/p10/compproo/vga.vhd Line: 196
Warning (10492): VHDL Process Statement warning at vga.vhd(200): signal "x" is read inside the Process Statement but isn't in the Process Statement's sensitivity list File: C:/Users/IsraCode/Documents/FI/2024-1/VLSI/p10/compproo/vga.vhd Line: 200
Warning (10492): VHDL Process Statement warning at vga.vhd(200): signal "y" is read inside the Process Statement but isn't in the Process Statement's sensitivity list File: C:/Users/IsraCode/Documents/FI/2024-1/VLSI/p10/compproo/vga.vhd Line: 200
Warning (10492): VHDL Process Statement warning at vga.vhd(204): signal "x" is read inside the Process Statement but isn't in the Process Statement's sensitivity list File: C:/Users/IsraCode/Documents/FI/2024-1/VLSI/p10/compproo/vga.vhd Line: 204
Warning (10492): VHDL Process Statement warning at vga.vhd(204): signal "y" is read inside the Process Statement but isn't in the Process Statement's sensitivity list File: C:/Users/IsraCode/Documents/FI/2024-1/VLSI/p10/compproo/vga.vhd Line: 204
Warning (10492): VHDL Process Statement warning at vga.vhd(209): signal "x" is read inside the Process Statement but isn't in the Process Statement's sensitivity list File: C:/Users/IsraCode/Documents/FI/2024-1/VLSI/p10/compproo/vga.vhd Line: 209
Warning (10492): VHDL Process Statement warning at vga.vhd(209): signal "y" is read inside the Process Statement but isn't in the Process Statement's sensitivity list File: C:/Users/IsraCode/Documents/FI/2024-1/VLSI/p10/compproo/vga.vhd Line: 209
Warning (10492): VHDL Process Statement warning at vga.vhd(213): signal "x" is read inside the Process Statement but isn't in the Process Statement's sensitivity list File: C:/Users/IsraCode/Documents/FI/2024-1/VLSI/p10/compproo/vga.vhd Line: 213
Warning (10492): VHDL Process Statement warning at vga.vhd(213): signal "y" is read inside the Process Statement but isn't in the Process Statement's sensitivity list File: C:/Users/IsraCode/Documents/FI/2024-1/VLSI/p10/compproo/vga.vhd Line: 213
Warning (10492): VHDL Process Statement warning at vga.vhd(217): signal "x" is read inside the Process Statement but isn't in the Process Statement's sensitivity list File: C:/Users/IsraCode/Documents/FI/2024-1/VLSI/p10/compproo/vga.vhd Line: 217
Warning (10492): VHDL Process Statement warning at vga.vhd(217): signal "y" is read inside the Process Statement but isn't in the Process Statement's sensitivity list File: C:/Users/IsraCode/Documents/FI/2024-1/VLSI/p10/compproo/vga.vhd Line: 217
Warning (10492): VHDL Process Statement warning at vga.vhd(219): signal "x" is read inside the Process Statement but isn't in the Process Statement's sensitivity list File: C:/Users/IsraCode/Documents/FI/2024-1/VLSI/p10/compproo/vga.vhd Line: 219
Warning (10492): VHDL Process Statement warning at vga.vhd(219): signal "y" is read inside the Process Statement but isn't in the Process Statement's sensitivity list File: C:/Users/IsraCode/Documents/FI/2024-1/VLSI/p10/compproo/vga.vhd Line: 219
Warning (10492): VHDL Process Statement warning at vga.vhd(221): signal "x" is read inside the Process Statement but isn't in the Process Statement's sensitivity list File: C:/Users/IsraCode/Documents/FI/2024-1/VLSI/p10/compproo/vga.vhd Line: 221
Warning (10492): VHDL Process Statement warning at vga.vhd(221): signal "y" is read inside the Process Statement but isn't in the Process Statement's sensitivity list File: C:/Users/IsraCode/Documents/FI/2024-1/VLSI/p10/compproo/vga.vhd Line: 221
Warning (10492): VHDL Process Statement warning at vga.vhd(223): signal "x" is read inside the Process Statement but isn't in the Process Statement's sensitivity list File: C:/Users/IsraCode/Documents/FI/2024-1/VLSI/p10/compproo/vga.vhd Line: 223
Warning (10492): VHDL Process Statement warning at vga.vhd(223): signal "y" is read inside the Process Statement but isn't in the Process Statement's sensitivity list File: C:/Users/IsraCode/Documents/FI/2024-1/VLSI/p10/compproo/vga.vhd Line: 223
Warning (10492): VHDL Process Statement warning at vga.vhd(225): signal "x" is read inside the Process Statement but isn't in the Process Statement's sensitivity list File: C:/Users/IsraCode/Documents/FI/2024-1/VLSI/p10/compproo/vga.vhd Line: 225
Warning (10492): VHDL Process Statement warning at vga.vhd(225): signal "y" is read inside the Process Statement but isn't in the Process Statement's sensitivity list File: C:/Users/IsraCode/Documents/FI/2024-1/VLSI/p10/compproo/vga.vhd Line: 225
Warning (10492): VHDL Process Statement warning at vga.vhd(227): signal "x" is read inside the Process Statement but isn't in the Process Statement's sensitivity list File: C:/Users/IsraCode/Documents/FI/2024-1/VLSI/p10/compproo/vga.vhd Line: 227
Warning (10492): VHDL Process Statement warning at vga.vhd(227): signal "y" is read inside the Process Statement but isn't in the Process Statement's sensitivity list File: C:/Users/IsraCode/Documents/FI/2024-1/VLSI/p10/compproo/vga.vhd Line: 227
Warning (10492): VHDL Process Statement warning at vga.vhd(229): signal "x" is read inside the Process Statement but isn't in the Process Statement's sensitivity list File: C:/Users/IsraCode/Documents/FI/2024-1/VLSI/p10/compproo/vga.vhd Line: 229
Warning (10492): VHDL Process Statement warning at vga.vhd(229): signal "y" is read inside the Process Statement but isn't in the Process Statement's sensitivity list File: C:/Users/IsraCode/Documents/FI/2024-1/VLSI/p10/compproo/vga.vhd Line: 229
Warning (10492): VHDL Process Statement warning at vga.vhd(231): signal "x" is read inside the Process Statement but isn't in the Process Statement's sensitivity list File: C:/Users/IsraCode/Documents/FI/2024-1/VLSI/p10/compproo/vga.vhd Line: 231
Warning (10492): VHDL Process Statement warning at vga.vhd(231): signal "y" is read inside the Process Statement but isn't in the Process Statement's sensitivity list File: C:/Users/IsraCode/Documents/FI/2024-1/VLSI/p10/compproo/vga.vhd Line: 231
Warning (10492): VHDL Process Statement warning at vga.vhd(233): signal "x" is read inside the Process Statement but isn't in the Process Statement's sensitivity list File: C:/Users/IsraCode/Documents/FI/2024-1/VLSI/p10/compproo/vga.vhd Line: 233
Warning (10492): VHDL Process Statement warning at vga.vhd(233): signal "y" is read inside the Process Statement but isn't in the Process Statement's sensitivity list File: C:/Users/IsraCode/Documents/FI/2024-1/VLSI/p10/compproo/vga.vhd Line: 233
Warning (10492): VHDL Process Statement warning at vga.vhd(235): signal "x" is read inside the Process Statement but isn't in the Process Statement's sensitivity list File: C:/Users/IsraCode/Documents/FI/2024-1/VLSI/p10/compproo/vga.vhd Line: 235
Warning (10492): VHDL Process Statement warning at vga.vhd(235): signal "y" is read inside the Process Statement but isn't in the Process Statement's sensitivity list File: C:/Users/IsraCode/Documents/FI/2024-1/VLSI/p10/compproo/vga.vhd Line: 235
Warning (10492): VHDL Process Statement warning at vga.vhd(237): signal "x" is read inside the Process Statement but isn't in the Process Statement's sensitivity list File: C:/Users/IsraCode/Documents/FI/2024-1/VLSI/p10/compproo/vga.vhd Line: 237
Warning (10492): VHDL Process Statement warning at vga.vhd(237): signal "y" is read inside the Process Statement but isn't in the Process Statement's sensitivity list File: C:/Users/IsraCode/Documents/FI/2024-1/VLSI/p10/compproo/vga.vhd Line: 237
Warning (10492): VHDL Process Statement warning at vga.vhd(239): signal "x" is read inside the Process Statement but isn't in the Process Statement's sensitivity list File: C:/Users/IsraCode/Documents/FI/2024-1/VLSI/p10/compproo/vga.vhd Line: 239
Warning (10492): VHDL Process Statement warning at vga.vhd(239): signal "y" is read inside the Process Statement but isn't in the Process Statement's sensitivity list File: C:/Users/IsraCode/Documents/FI/2024-1/VLSI/p10/compproo/vga.vhd Line: 239
Warning (10492): VHDL Process Statement warning at vga.vhd(242): signal "x" is read inside the Process Statement but isn't in the Process Statement's sensitivity list File: C:/Users/IsraCode/Documents/FI/2024-1/VLSI/p10/compproo/vga.vhd Line: 242
Warning (10492): VHDL Process Statement warning at vga.vhd(242): signal "y" is read inside the Process Statement but isn't in the Process Statement's sensitivity list File: C:/Users/IsraCode/Documents/FI/2024-1/VLSI/p10/compproo/vga.vhd Line: 242
Warning (10492): VHDL Process Statement warning at vga.vhd(244): signal "x" is read inside the Process Statement but isn't in the Process Statement's sensitivity list File: C:/Users/IsraCode/Documents/FI/2024-1/VLSI/p10/compproo/vga.vhd Line: 244
Warning (10492): VHDL Process Statement warning at vga.vhd(244): signal "y" is read inside the Process Statement but isn't in the Process Statement's sensitivity list File: C:/Users/IsraCode/Documents/FI/2024-1/VLSI/p10/compproo/vga.vhd Line: 244
Warning (10492): VHDL Process Statement warning at vga.vhd(246): signal "x" is read inside the Process Statement but isn't in the Process Statement's sensitivity list File: C:/Users/IsraCode/Documents/FI/2024-1/VLSI/p10/compproo/vga.vhd Line: 246
Warning (10492): VHDL Process Statement warning at vga.vhd(246): signal "y" is read inside the Process Statement but isn't in the Process Statement's sensitivity list File: C:/Users/IsraCode/Documents/FI/2024-1/VLSI/p10/compproo/vga.vhd Line: 246
Warning (10492): VHDL Process Statement warning at vga.vhd(248): signal "x" is read inside the Process Statement but isn't in the Process Statement's sensitivity list File: C:/Users/IsraCode/Documents/FI/2024-1/VLSI/p10/compproo/vga.vhd Line: 248
Warning (10492): VHDL Process Statement warning at vga.vhd(248): signal "y" is read inside the Process Statement but isn't in the Process Statement's sensitivity list File: C:/Users/IsraCode/Documents/FI/2024-1/VLSI/p10/compproo/vga.vhd Line: 248
Warning (10492): VHDL Process Statement warning at vga.vhd(250): signal "x" is read inside the Process Statement but isn't in the Process Statement's sensitivity list File: C:/Users/IsraCode/Documents/FI/2024-1/VLSI/p10/compproo/vga.vhd Line: 250
Warning (10492): VHDL Process Statement warning at vga.vhd(250): signal "y" is read inside the Process Statement but isn't in the Process Statement's sensitivity list File: C:/Users/IsraCode/Documents/FI/2024-1/VLSI/p10/compproo/vga.vhd Line: 250
Warning (10492): VHDL Process Statement warning at vga.vhd(252): signal "x" is read inside the Process Statement but isn't in the Process Statement's sensitivity list File: C:/Users/IsraCode/Documents/FI/2024-1/VLSI/p10/compproo/vga.vhd Line: 252
Warning (10492): VHDL Process Statement warning at vga.vhd(252): signal "y" is read inside the Process Statement but isn't in the Process Statement's sensitivity list File: C:/Users/IsraCode/Documents/FI/2024-1/VLSI/p10/compproo/vga.vhd Line: 252
Warning (10492): VHDL Process Statement warning at vga.vhd(254): signal "x" is read inside the Process Statement but isn't in the Process Statement's sensitivity list File: C:/Users/IsraCode/Documents/FI/2024-1/VLSI/p10/compproo/vga.vhd Line: 254
Warning (10492): VHDL Process Statement warning at vga.vhd(254): signal "y" is read inside the Process Statement but isn't in the Process Statement's sensitivity list File: C:/Users/IsraCode/Documents/FI/2024-1/VLSI/p10/compproo/vga.vhd Line: 254
Warning (10492): VHDL Process Statement warning at vga.vhd(256): signal "x" is read inside the Process Statement but isn't in the Process Statement's sensitivity list File: C:/Users/IsraCode/Documents/FI/2024-1/VLSI/p10/compproo/vga.vhd Line: 256
Warning (10492): VHDL Process Statement warning at vga.vhd(256): signal "y" is read inside the Process Statement but isn't in the Process Statement's sensitivity list File: C:/Users/IsraCode/Documents/FI/2024-1/VLSI/p10/compproo/vga.vhd Line: 256
Warning (10631): VHDL Process Statement warning at vga.vhd(113): inferring latch(es) for signal or variable "green", which holds its previous value in one or more paths through the process File: C:/Users/IsraCode/Documents/FI/2024-1/VLSI/p10/compproo/vga.vhd Line: 113
Warning (10631): VHDL Process Statement warning at vga.vhd(113): inferring latch(es) for signal or variable "blue", which holds its previous value in one or more paths through the process File: C:/Users/IsraCode/Documents/FI/2024-1/VLSI/p10/compproo/vga.vhd Line: 113
Info (10041): Inferred latch for "blue[0]" at vga.vhd(113) File: C:/Users/IsraCode/Documents/FI/2024-1/VLSI/p10/compproo/vga.vhd Line: 113
Info (10041): Inferred latch for "blue[1]" at vga.vhd(113) File: C:/Users/IsraCode/Documents/FI/2024-1/VLSI/p10/compproo/vga.vhd Line: 113
Info (10041): Inferred latch for "blue[2]" at vga.vhd(113) File: C:/Users/IsraCode/Documents/FI/2024-1/VLSI/p10/compproo/vga.vhd Line: 113
Info (10041): Inferred latch for "blue[3]" at vga.vhd(113) File: C:/Users/IsraCode/Documents/FI/2024-1/VLSI/p10/compproo/vga.vhd Line: 113
Info (10041): Inferred latch for "green[0]" at vga.vhd(113) File: C:/Users/IsraCode/Documents/FI/2024-1/VLSI/p10/compproo/vga.vhd Line: 113
Info (10041): Inferred latch for "green[1]" at vga.vhd(113) File: C:/Users/IsraCode/Documents/FI/2024-1/VLSI/p10/compproo/vga.vhd Line: 113
Info (10041): Inferred latch for "green[2]" at vga.vhd(113) File: C:/Users/IsraCode/Documents/FI/2024-1/VLSI/p10/compproo/vga.vhd Line: 113
Info (10041): Inferred latch for "green[3]" at vga.vhd(113) File: C:/Users/IsraCode/Documents/FI/2024-1/VLSI/p10/compproo/vga.vhd Line: 113
Warning (13012): Latch green[0]$latch has unsafe behavior File: C:/Users/IsraCode/Documents/FI/2024-1/VLSI/p10/compproo/vga.vhd Line: 113
    Warning (13013): Ports ENA and PRE on the latch are fed by the same signal row[31] File: C:/Users/IsraCode/Documents/FI/2024-1/VLSI/p10/compproo/vga.vhd Line: 103
Warning (13012): Latch green[1]$latch has unsafe behavior File: C:/Users/IsraCode/Documents/FI/2024-1/VLSI/p10/compproo/vga.vhd Line: 113
    Warning (13013): Ports ENA and PRE on the latch are fed by the same signal row[31] File: C:/Users/IsraCode/Documents/FI/2024-1/VLSI/p10/compproo/vga.vhd Line: 103
Warning (13012): Latch green[2]$latch has unsafe behavior File: C:/Users/IsraCode/Documents/FI/2024-1/VLSI/p10/compproo/vga.vhd Line: 113
    Warning (13013): Ports ENA and PRE on the latch are fed by the same signal row[31] File: C:/Users/IsraCode/Documents/FI/2024-1/VLSI/p10/compproo/vga.vhd Line: 103
Warning (13012): Latch green[3]$latch has unsafe behavior File: C:/Users/IsraCode/Documents/FI/2024-1/VLSI/p10/compproo/vga.vhd Line: 113
    Warning (13013): Ports ENA and PRE on the latch are fed by the same signal row[31] File: C:/Users/IsraCode/Documents/FI/2024-1/VLSI/p10/compproo/vga.vhd Line: 103
Warning (13012): Latch blue[0]$latch has unsafe behavior File: C:/Users/IsraCode/Documents/FI/2024-1/VLSI/p10/compproo/vga.vhd Line: 113
    Warning (13013): Ports ENA and PRE on the latch are fed by the same signal row[31] File: C:/Users/IsraCode/Documents/FI/2024-1/VLSI/p10/compproo/vga.vhd Line: 103
Warning (13012): Latch blue[1]$latch has unsafe behavior File: C:/Users/IsraCode/Documents/FI/2024-1/VLSI/p10/compproo/vga.vhd Line: 113
    Warning (13013): Ports ENA and PRE on the latch are fed by the same signal row[31] File: C:/Users/IsraCode/Documents/FI/2024-1/VLSI/p10/compproo/vga.vhd Line: 103
Warning (13012): Latch blue[2]$latch has unsafe behavior File: C:/Users/IsraCode/Documents/FI/2024-1/VLSI/p10/compproo/vga.vhd Line: 113
    Warning (13013): Ports ENA and PRE on the latch are fed by the same signal row[31] File: C:/Users/IsraCode/Documents/FI/2024-1/VLSI/p10/compproo/vga.vhd Line: 103
Warning (13012): Latch blue[3]$latch has unsafe behavior File: C:/Users/IsraCode/Documents/FI/2024-1/VLSI/p10/compproo/vga.vhd Line: 113
    Warning (13013): Ports ENA and PRE on the latch are fed by the same signal row[31] File: C:/Users/IsraCode/Documents/FI/2024-1/VLSI/p10/compproo/vga.vhd Line: 103
Info (286030): Timing-Driven Synthesis is running
Info (16010): Generating hard_block partition "hard_block:auto_generated_inst"
    Info (16011): Adding 0 node(s), including 0 DDIO, 0 PLL, 0 transceiver and 0 LCELL
Info (21057): Implemented 867 device resources after synthesis - the final resource count might be different
    Info (21058): Implemented 5 input pins
    Info (21059): Implemented 14 output pins
    Info (21061): Implemented 848 logic cells
Info: Quartus Prime Analysis & Synthesis was successful. 0 errors, 105 warnings
    Info: Peak virtual memory: 4787 megabytes
    Info: Processing ended: Sun Nov 05 17:34:55 2023
    Info: Elapsed time: 00:00:21
    Info: Total CPU time (on all processors): 00:00:37


