Analysis & Synthesis report for Practica08
Sat Oct 14 20:45:37 2023
Quartus Prime Version 18.1.0 Build 625 09/12/2018 SJ Lite Edition


---------------------
; Table of Contents ;
---------------------
  1. Legal Notice
  2. Analysis & Synthesis Summary
  3. Analysis & Synthesis Settings
  4. Parallel Compilation
  5. Analysis & Synthesis Source Files Read
  6. Analysis & Synthesis Resource Usage Summary
  7. Analysis & Synthesis Resource Utilization by Entity
  8. State Machine - |RX|e_presente
  9. State Machine - |RX|e_siguiente
 10. User-Specified and Inferred Latches
 11. Registers Removed During Synthesis
 12. General Register Statistics
 13. Inverted Register Statistics
 14. Multiplexer Restructuring Statistics (Restructuring Performed)
 15. Source assignments for Top-level Entity: |RX
 16. Post-Synthesis Netlist Statistics for Top Partition
 17. Elapsed Time Per Partition
 18. Analysis & Synthesis Messages



----------------
; Legal Notice ;
----------------
Copyright (C) 2018  Intel Corporation. All rights reserved.
Your use of Intel Corporation's design tools, logic functions 
and other software and tools, and its AMPP partner logic 
functions, and any output files from any of the foregoing 
(including device programming or simulation files), and any 
associated documentation or information are expressly subject 
to the terms and conditions of the Intel Program License 
Subscription Agreement, the Intel Quartus Prime License Agreement,
the Intel FPGA IP License Agreement, or other applicable license
agreement, including, without limitation, that your use is for
the sole purpose of programming logic devices manufactured by
Intel and sold by Intel or its authorized distributors.  Please
refer to the applicable agreement for further details.



+----------------------------------------------------------------------------------+
; Analysis & Synthesis Summary                                                     ;
+------------------------------------+---------------------------------------------+
; Analysis & Synthesis Status        ; Successful - Sat Oct 14 20:45:37 2023       ;
; Quartus Prime Version              ; 18.1.0 Build 625 09/12/2018 SJ Lite Edition ;
; Revision Name                      ; Practica08                                  ;
; Top-level Entity Name              ; RX                                          ;
; Family                             ; MAX 10                                      ;
; Total logic elements               ; 313                                         ;
;     Total combinational functions  ; 288                                         ;
;     Dedicated logic registers      ; 165                                         ;
; Total registers                    ; 165                                         ;
; Total pins                         ; 53                                          ;
; Total virtual pins                 ; 0                                           ;
; Total memory bits                  ; 0                                           ;
; Embedded Multiplier 9-bit elements ; 0                                           ;
; Total PLLs                         ; 0                                           ;
; UFM blocks                         ; 0                                           ;
; ADC blocks                         ; 0                                           ;
+------------------------------------+---------------------------------------------+


+------------------------------------------------------------------------------------------------------------+
; Analysis & Synthesis Settings                                                                              ;
+------------------------------------------------------------------+--------------------+--------------------+
; Option                                                           ; Setting            ; Default Value      ;
+------------------------------------------------------------------+--------------------+--------------------+
; Device                                                           ; 10M50DAF484C7G     ;                    ;
; Top-level entity name                                            ; RX                 ; Practica08         ;
; Family name                                                      ; MAX 10             ; Cyclone V          ;
; Use smart compilation                                            ; Off                ; Off                ;
; Enable parallel Assembler and Timing Analyzer during compilation ; On                 ; On                 ;
; Enable compact report table                                      ; Off                ; Off                ;
; Restructure Multiplexers                                         ; Auto               ; Auto               ;
; Create Debugging Nodes for IP Cores                              ; Off                ; Off                ;
; Preserve fewer node names                                        ; On                 ; On                 ;
; Intel FPGA IP Evaluation Mode                                    ; Enable             ; Enable             ;
; Verilog Version                                                  ; Verilog_2001       ; Verilog_2001       ;
; VHDL Version                                                     ; VHDL_1993          ; VHDL_1993          ;
; State Machine Processing                                         ; Auto               ; Auto               ;
; Safe State Machine                                               ; Off                ; Off                ;
; Extract Verilog State Machines                                   ; On                 ; On                 ;
; Extract VHDL State Machines                                      ; On                 ; On                 ;
; Ignore Verilog initial constructs                                ; Off                ; Off                ;
; Iteration limit for constant Verilog loops                       ; 5000               ; 5000               ;
; Iteration limit for non-constant Verilog loops                   ; 250                ; 250                ;
; Add Pass-Through Logic to Inferred RAMs                          ; On                 ; On                 ;
; Infer RAMs from Raw Logic                                        ; On                 ; On                 ;
; Parallel Synthesis                                               ; On                 ; On                 ;
; DSP Block Balancing                                              ; Auto               ; Auto               ;
; NOT Gate Push-Back                                               ; On                 ; On                 ;
; Power-Up Don't Care                                              ; On                 ; On                 ;
; Remove Redundant Logic Cells                                     ; Off                ; Off                ;
; Remove Duplicate Registers                                       ; On                 ; On                 ;
; Ignore CARRY Buffers                                             ; Off                ; Off                ;
; Ignore CASCADE Buffers                                           ; Off                ; Off                ;
; Ignore GLOBAL Buffers                                            ; Off                ; Off                ;
; Ignore ROW GLOBAL Buffers                                        ; Off                ; Off                ;
; Ignore LCELL Buffers                                             ; Off                ; Off                ;
; Ignore SOFT Buffers                                              ; On                 ; On                 ;
; Limit AHDL Integers to 32 Bits                                   ; Off                ; Off                ;
; Optimization Technique                                           ; Balanced           ; Balanced           ;
; Carry Chain Length                                               ; 70                 ; 70                 ;
; Auto Carry Chains                                                ; On                 ; On                 ;
; Auto Open-Drain Pins                                             ; On                 ; On                 ;
; Perform WYSIWYG Primitive Resynthesis                            ; Off                ; Off                ;
; Auto ROM Replacement                                             ; On                 ; On                 ;
; Auto RAM Replacement                                             ; On                 ; On                 ;
; Auto DSP Block Replacement                                       ; On                 ; On                 ;
; Auto Shift Register Replacement                                  ; Auto               ; Auto               ;
; Allow Shift Register Merging across Hierarchies                  ; Auto               ; Auto               ;
; Auto Clock Enable Replacement                                    ; On                 ; On                 ;
; Strict RAM Replacement                                           ; Off                ; Off                ;
; Allow Synchronous Control Signals                                ; On                 ; On                 ;
; Force Use of Synchronous Clear Signals                           ; Off                ; Off                ;
; Auto RAM Block Balancing                                         ; On                 ; On                 ;
; Auto RAM to Logic Cell Conversion                                ; Off                ; Off                ;
; Auto Resource Sharing                                            ; Off                ; Off                ;
; Allow Any RAM Size For Recognition                               ; Off                ; Off                ;
; Allow Any ROM Size For Recognition                               ; Off                ; Off                ;
; Allow Any Shift Register Size For Recognition                    ; Off                ; Off                ;
; Use LogicLock Constraints during Resource Balancing              ; On                 ; On                 ;
; Ignore translate_off and synthesis_off directives                ; Off                ; Off                ;
; Timing-Driven Synthesis                                          ; On                 ; On                 ;
; Report Parameter Settings                                        ; On                 ; On                 ;
; Report Source Assignments                                        ; On                 ; On                 ;
; Report Connectivity Checks                                       ; On                 ; On                 ;
; Ignore Maximum Fan-Out Assignments                               ; Off                ; Off                ;
; Synchronization Register Chain Length                            ; 2                  ; 2                  ;
; Power Optimization During Synthesis                              ; Normal compilation ; Normal compilation ;
; HDL message level                                                ; Level2             ; Level2             ;
; Suppress Register Optimization Related Messages                  ; Off                ; Off                ;
; Number of Removed Registers Reported in Synthesis Report         ; 5000               ; 5000               ;
; Number of Swept Nodes Reported in Synthesis Report               ; 5000               ; 5000               ;
; Number of Inverted Registers Reported in Synthesis Report        ; 100                ; 100                ;
; Clock MUX Protection                                             ; On                 ; On                 ;
; Auto Gated Clock Conversion                                      ; Off                ; Off                ;
; Block Design Naming                                              ; Auto               ; Auto               ;
; SDC constraint protection                                        ; Off                ; Off                ;
; Synthesis Effort                                                 ; Auto               ; Auto               ;
; Shift Register Replacement - Allow Asynchronous Clear Signal     ; On                 ; On                 ;
; Pre-Mapping Resynthesis Optimization                             ; Off                ; Off                ;
; Analysis & Synthesis Message Level                               ; Medium             ; Medium             ;
; Disable Register Merging Across Hierarchies                      ; Auto               ; Auto               ;
; Resource Aware Inference For Block RAM                           ; On                 ; On                 ;
+------------------------------------------------------------------+--------------------+--------------------+


+------------------------------------------+
; Parallel Compilation                     ;
+----------------------------+-------------+
; Processors                 ; Number      ;
+----------------------------+-------------+
; Number detected on machine ; 8           ;
; Maximum allowed            ; 4           ;
;                            ;             ;
; Average used               ; 1.00        ;
; Maximum used               ; 4           ;
;                            ;             ;
; Usage by Processor         ; % Time Used ;
;     Processor 1            ; 100.0%      ;
;     Processors 2-4         ;   0.0%      ;
+----------------------------+-------------+


+---------------------------------------------------------------------------------------------------------------------------------------------------+
; Analysis & Synthesis Source Files Read                                                                                                            ;
+----------------------------------+-----------------+-----------------+------------------------------------------------------------------+---------+
; File Name with User-Entered Path ; Used in Netlist ; File Type       ; File Name with Absolute Path                                     ; Library ;
+----------------------------------+-----------------+-----------------+------------------------------------------------------------------+---------+
; RX.vhd                           ; yes             ; User VHDL File  ; C:/Users/carlo/OneDrive/Escritorio/2024-1/VLSI/Practica08/RX.vhd ;         ;
+----------------------------------+-----------------+-----------------+------------------------------------------------------------------+---------+


+-----------------------------------------------------------+
; Analysis & Synthesis Resource Usage Summary               ;
+---------------------------------------------+-------------+
; Resource                                    ; Usage       ;
+---------------------------------------------+-------------+
; Estimated Total logic elements              ; 313         ;
;                                             ;             ;
; Total combinational functions               ; 288         ;
; Logic element usage by number of LUT inputs ;             ;
;     -- 4 input functions                    ; 116         ;
;     -- 3 input functions                    ; 30          ;
;     -- <=2 input functions                  ; 142         ;
;                                             ;             ;
; Logic elements by mode                      ;             ;
;     -- normal mode                          ; 223         ;
;     -- arithmetic mode                      ; 65          ;
;                                             ;             ;
; Total registers                             ; 165         ;
;     -- Dedicated logic registers            ; 165         ;
;     -- I/O registers                        ; 0           ;
;                                             ;             ;
; I/O pins                                    ; 53          ;
;                                             ;             ;
; Embedded Multiplier 9-bit elements          ; 0           ;
;                                             ;             ;
; Maximum fan-out node                        ; reloj~input ;
; Maximum fan-out                             ; 94          ;
; Total fan-out                               ; 1351        ;
; Average fan-out                             ; 2.42        ;
+---------------------------------------------+-------------+


+------------------------------------------------------------------------------------------------------------------------------------------------------------------------------------------------------------------------------------+
; Analysis & Synthesis Resource Utilization by Entity                                                                                                                                                                                ;
+----------------------------+---------------------+---------------------------+-------------+------------+--------------+---------+-----------+------+--------------+------------+---------------------+-------------+--------------+
; Compilation Hierarchy Node ; Combinational ALUTs ; Dedicated Logic Registers ; Memory Bits ; UFM Blocks ; DSP Elements ; DSP 9x9 ; DSP 18x18 ; Pins ; Virtual Pins ; ADC blocks ; Full Hierarchy Name ; Entity Name ; Library Name ;
+----------------------------+---------------------+---------------------------+-------------+------------+--------------+---------+-----------+------+--------------+------------+---------------------+-------------+--------------+
; |RX                        ; 288 (288)           ; 165 (165)                 ; 0           ; 0          ; 0            ; 0       ; 0         ; 53   ; 0            ; 0          ; |RX                 ; RX          ; work         ;
+----------------------------+---------------------+---------------------------+-------------+------------+--------------+---------+-----------+------+--------------+------------+---------------------+-------------+--------------+
Note: For table entries with two numbers listed, the numbers in parentheses indicate the number of resources of the given type used by the specific entity alone. The numbers listed outside of parentheses indicate the total resources of the given type used by the specific entity and all of its sub-entities in the hierarchy.


Encoding Type:  One-Hot
+---------------------------------------------------------------------------------------------------------------------------+
; State Machine - |RX|e_presente                                                                                            ;
+---------------------+------------------+---------------------+--------------------+-------------------+-------------------+
; Name                ; e_presente.Otros ; e_presente.Contador ; e_presente.Mensaje ; e_presente.ServoC ; e_presente.ServoA ;
+---------------------+------------------+---------------------+--------------------+-------------------+-------------------+
; e_presente.ServoA   ; 0                ; 0                   ; 0                  ; 0                 ; 0                 ;
; e_presente.ServoC   ; 0                ; 0                   ; 0                  ; 1                 ; 1                 ;
; e_presente.Mensaje  ; 0                ; 0                   ; 1                  ; 0                 ; 1                 ;
; e_presente.Contador ; 0                ; 1                   ; 0                  ; 0                 ; 1                 ;
; e_presente.Otros    ; 1                ; 0                   ; 0                  ; 0                 ; 1                 ;
+---------------------+------------------+---------------------+--------------------+-------------------+-------------------+


Encoding Type:  One-Hot
+---------------------------------------------------------------------------------------------------------------------------------+
; State Machine - |RX|e_siguiente                                                                                                 ;
+----------------------+-------------------+----------------------+---------------------+--------------------+--------------------+
; Name                 ; e_siguiente.Otros ; e_siguiente.Contador ; e_siguiente.Mensaje ; e_siguiente.ServoC ; e_siguiente.ServoA ;
+----------------------+-------------------+----------------------+---------------------+--------------------+--------------------+
; e_siguiente.ServoA   ; 0                 ; 0                    ; 0                   ; 0                  ; 0                  ;
; e_siguiente.ServoC   ; 0                 ; 0                    ; 0                   ; 1                  ; 1                  ;
; e_siguiente.Mensaje  ; 0                 ; 0                    ; 1                   ; 0                  ; 1                  ;
; e_siguiente.Contador ; 0                 ; 1                    ; 0                   ; 0                  ; 1                  ;
; e_siguiente.Otros    ; 1                 ; 0                    ; 0                   ; 0                  ; 1                  ;
+----------------------+-------------------+----------------------+---------------------+--------------------+--------------------+


+---------------------------------------------------------------------------------------------------+
; User-Specified and Inferred Latches                                                               ;
+----------------------------------------------------+---------------------+------------------------+
; Latch Name                                         ; Latch Enable Signal ; Free of Timing Hazards ;
+----------------------------------------------------+---------------------+------------------------+
; value1[4]                                          ; GND                 ; yes                    ;
; value1[2]                                          ; GND                 ; yes                    ;
; value1[0]                                          ; GND                 ; yes                    ;
; Number of user-specified and inferred latches = 3  ;                     ;                        ;
+----------------------------------------------------+---------------------+------------------------+
Note: All latches listed above may not be present at the end of synthesis due to various synthesis optimizations.


+---------------------------------------------------------------------------------+
; Registers Removed During Synthesis                                              ;
+----------------------------------------+----------------------------------------+
; Register name                          ; Reason for Removal                     ;
+----------------------------------------+----------------------------------------+
; ancho[5..7]                            ; Stuck at GND due to stuck port data_in ;
; ancho[3]                               ; Stuck at VCC due to stuck port data_in ;
; ancho[1]                               ; Stuck at GND due to stuck port data_in ;
; \DiviServo:cuenta_divi[12..27]         ; Lost fanout                            ;
; Total Number of Removed Registers = 21 ;                                        ;
+----------------------------------------+----------------------------------------+


+------------------------------------------------------+
; General Register Statistics                          ;
+----------------------------------------------+-------+
; Statistic                                    ; Value ;
+----------------------------------------------+-------+
; Total registers                              ; 165   ;
; Number of registers using Synchronous Clear  ; 13    ;
; Number of registers using Synchronous Load   ; 11    ;
; Number of registers using Asynchronous Clear ; 39    ;
; Number of registers using Asynchronous Load  ; 0     ;
; Number of registers using Clock Enable       ; 32    ;
; Number of registers using Preset             ; 0     ;
+----------------------------------------------+-------+


+---------------------------------------------------+
; Inverted Register Statistics                      ;
+-----------------------------------------+---------+
; Inverted Register                       ; Fan out ;
+-----------------------------------------+---------+
; D3[3]~reg0                              ; 2       ;
; D4[0]~reg0                              ; 2       ;
; D4[1]~reg0                              ; 2       ;
; D4[3]~reg0                              ; 2       ;
; D4[5]~reg0                              ; 2       ;
; D5[0]~reg0                              ; 2       ;
; D5[1]~reg0                              ; 2       ;
; D5[2]~reg0                              ; 2       ;
; D5[3]~reg0                              ; 2       ;
; D5[4]~reg0                              ; 2       ;
; D5[5]~reg0                              ; 2       ;
; D5[6]~reg0                              ; 2       ;
; D6[0]~reg0                              ; 1       ;
; D6[1]~reg0                              ; 1       ;
; D6[2]~reg0                              ; 1       ;
; D6[3]~reg0                              ; 1       ;
; D6[4]~reg0                              ; 1       ;
; D6[5]~reg0                              ; 1       ;
; D6[6]~reg0                              ; 1       ;
; ancho[2]                                ; 2       ;
; ancho[0]                                ; 1       ;
; Total number of inverted registers = 21 ;         ;
+-----------------------------------------+---------+


+------------------------------------------------------------------------------------------------------------------------------------------+
; Multiplexer Restructuring Statistics (Restructuring Performed)                                                                           ;
+--------------------+-----------+---------------+----------------------+------------------------+------------+----------------------------+
; Multiplexer Inputs ; Bus Width ; Baseline Area ; Area if Restructured ; Saving if Restructured ; Registered ; Example Multiplexer Output ;
+--------------------+-----------+---------------+----------------------+------------------------+------------+----------------------------+
; 3:1                ; 4 bits    ; 8 LEs         ; 4 LEs                ; 4 LEs                  ; Yes        ; |RX|\unidades:cuenta[1]    ;
; 3:1                ; 4 bits    ; 8 LEs         ; 4 LEs                ; 4 LEs                  ; Yes        ; |RX|INDICE[1]              ;
; 4:1                ; 13 bits   ; 26 LEs        ; 13 LEs               ; 13 LEs                 ; Yes        ; |RX|PRE[12]                ;
; 4:1                ; 2 bits    ; 4 LEs         ; 2 LEs                ; 2 LEs                  ; No         ; |RX|e_siguiente            ;
; 5:1                ; 7 bits    ; 21 LEs        ; 14 LEs               ; 7 LEs                  ; No         ; |RX|D1                     ;
+--------------------+-----------+---------------+----------------------+------------------------+------------+----------------------------+


+----------------------------------------------+
; Source assignments for Top-level Entity: |RX ;
+------------+---------+------+----------------+
; Assignment ; Value   ; From ; To             ;
+------------+---------+------+----------------+
; LOCATION   ; Pin_C17 ; -    ; D1[6]          ;
; LOCATION   ; Pin_D17 ; -    ; D1[5]          ;
; LOCATION   ; Pin_E16 ; -    ; D1[4]          ;
; LOCATION   ; Pin_C16 ; -    ; D1[3]          ;
; LOCATION   ; Pin_C15 ; -    ; D1[2]          ;
; LOCATION   ; Pin_E15 ; -    ; D1[1]          ;
; LOCATION   ; Pin_C14 ; -    ; D1[0]          ;
; LOCATION   ; Pin_B17 ; -    ; D2[6]          ;
; LOCATION   ; Pin_A18 ; -    ; D2[5]          ;
; LOCATION   ; Pin_A17 ; -    ; D2[4]          ;
; LOCATION   ; Pin_B16 ; -    ; D2[3]          ;
; LOCATION   ; Pin_E18 ; -    ; D2[2]          ;
; LOCATION   ; Pin_D18 ; -    ; D2[1]          ;
; LOCATION   ; Pin_C18 ; -    ; D2[0]          ;
; LOCATION   ; Pin_B22 ; -    ; D3[6]          ;
; LOCATION   ; Pin_C22 ; -    ; D3[5]          ;
; LOCATION   ; Pin_B21 ; -    ; D3[4]          ;
; LOCATION   ; Pin_A21 ; -    ; D3[3]          ;
; LOCATION   ; Pin_B19 ; -    ; D3[2]          ;
; LOCATION   ; Pin_A20 ; -    ; D3[1]          ;
; LOCATION   ; Pin_B20 ; -    ; D3[0]          ;
; LOCATION   ; Pin_E17 ; -    ; D4[6]          ;
; LOCATION   ; Pin_D19 ; -    ; D4[5]          ;
; LOCATION   ; Pin_C20 ; -    ; D4[4]          ;
; LOCATION   ; Pin_C19 ; -    ; D4[3]          ;
; LOCATION   ; Pin_E21 ; -    ; D4[2]          ;
; LOCATION   ; Pin_E22 ; -    ; D4[1]          ;
; LOCATION   ; Pin_F21 ; -    ; D4[0]          ;
; LOCATION   ; Pin_F20 ; -    ; D5[6]          ;
; LOCATION   ; Pin_F19 ; -    ; D5[5]          ;
; LOCATION   ; Pin_H19 ; -    ; D5[4]          ;
; LOCATION   ; Pin_J18 ; -    ; D5[3]          ;
; LOCATION   ; Pin_E19 ; -    ; D5[2]          ;
; LOCATION   ; Pin_E20 ; -    ; D5[1]          ;
; LOCATION   ; Pin_F18 ; -    ; D5[0]          ;
; LOCATION   ; Pin_N20 ; -    ; D6[6]          ;
; LOCATION   ; Pin_N19 ; -    ; D6[5]          ;
; LOCATION   ; Pin_M20 ; -    ; D6[4]          ;
; LOCATION   ; Pin_N18 ; -    ; D6[3]          ;
; LOCATION   ; Pin_L18 ; -    ; D6[2]          ;
; LOCATION   ; Pin_K20 ; -    ; D6[1]          ;
; LOCATION   ; Pin_J20 ; -    ; D6[0]          ;
; LOCATION   ; Pin_D14 ; -    ; LEDS[7]        ;
; LOCATION   ; Pin_E14 ; -    ; LEDS[6]        ;
; LOCATION   ; Pin_C13 ; -    ; LEDS[5]        ;
; LOCATION   ; Pin_D13 ; -    ; LEDS[4]        ;
; LOCATION   ; Pin_B10 ; -    ; LEDS[3]        ;
; LOCATION   ; Pin_A10 ; -    ; LEDS[2]        ;
; LOCATION   ; Pin_A9  ; -    ; LEDS[1]        ;
; LOCATION   ; Pin_A8  ; -    ; LEDS[0]        ;
; LOCATION   ; Pin_P11 ; -    ; reloj          ;
; LOCATION   ; Pin_W10 ; -    ; control        ;
; LOCATION   ; Pin_V10 ; -    ; RX_WIRE        ;
+------------+---------+------+----------------+


+-----------------------------------------------------+
; Post-Synthesis Netlist Statistics for Top Partition ;
+-----------------------+-----------------------------+
; Type                  ; Count                       ;
+-----------------------+-----------------------------+
; boundary_port         ; 53                          ;
; cycloneiii_ff         ; 165                         ;
;     CLR               ; 39                          ;
;     ENA               ; 19                          ;
;     ENA SCLR          ; 13                          ;
;     SLD               ; 11                          ;
;     plain             ; 83                          ;
; cycloneiii_lcell_comb ; 307                         ;
;     arith             ; 65                          ;
;         2 data inputs ; 64                          ;
;         3 data inputs ; 1                           ;
;     normal            ; 242                         ;
;         1 data inputs ; 36                          ;
;         2 data inputs ; 61                          ;
;         3 data inputs ; 29                          ;
;         4 data inputs ; 116                         ;
;                       ;                             ;
; Max LUT depth         ; 5.20                        ;
; Average LUT depth     ; 2.64                        ;
+-----------------------+-----------------------------+


+-------------------------------+
; Elapsed Time Per Partition    ;
+----------------+--------------+
; Partition Name ; Elapsed Time ;
+----------------+--------------+
; Top            ; 00:00:00     ;
+----------------+--------------+


+-------------------------------+
; Analysis & Synthesis Messages ;
+-------------------------------+
Info: *******************************************************************
Info: Running Quartus Prime Analysis & Synthesis
    Info: Version 18.1.0 Build 625 09/12/2018 SJ Lite Edition
    Info: Processing started: Sat Oct 14 20:45:23 2023
Info: Command: quartus_map --read_settings_files=on --write_settings_files=off Practica08 -c Practica08
Warning (18236): Number of processors has not been specified which may cause overloading on shared machines.  Set the global assignment NUM_PARALLEL_PROCESSORS in your QSF to an appropriate value for best performance.
Info (20030): Parallel compilation is enabled and will use 4 of the 4 processors detected
Info (12021): Found 2 design units, including 1 entities, in source file rx.vhd
    Info (12022): Found design unit 1: RX-behaivoral File: C:/Users/carlo/OneDrive/Escritorio/2024-1/VLSI/Practica08/RX.vhd Line: 15
    Info (12023): Found entity 1: RX File: C:/Users/carlo/OneDrive/Escritorio/2024-1/VLSI/Practica08/RX.vhd Line: 7
Info (12127): Elaborating entity "RX" for the top level hierarchy
Warning (10492): VHDL Process Statement warning at RX.vhd(234): signal "Q" is read inside the Process Statement but isn't in the Process Statement's sensitivity list File: C:/Users/carlo/OneDrive/Escritorio/2024-1/VLSI/Practica08/RX.vhd Line: 234
Warning (10492): VHDL Process Statement warning at RX.vhd(256): signal "Qum" is read inside the Process Statement but isn't in the Process Statement's sensitivity list File: C:/Users/carlo/OneDrive/Escritorio/2024-1/VLSI/Practica08/RX.vhd Line: 256
Warning (10492): VHDL Process Statement warning at RX.vhd(271): signal "Qdm" is read inside the Process Statement but isn't in the Process Statement's sensitivity list File: C:/Users/carlo/OneDrive/Escritorio/2024-1/VLSI/Practica08/RX.vhd Line: 271
Warning (10631): VHDL Process Statement warning at RX.vhd(212): inferring latch(es) for signal or variable "value1", which holds its previous value in one or more paths through the process File: C:/Users/carlo/OneDrive/Escritorio/2024-1/VLSI/Practica08/RX.vhd Line: 212
Warning (10492): VHDL Process Statement warning at RX.vhd(337): signal "n" is read inside the Process Statement but isn't in the Process Statement's sensitivity list File: C:/Users/carlo/OneDrive/Escritorio/2024-1/VLSI/Practica08/RX.vhd Line: 337
Info (10041): Inferred latch for "value1[0]" at RX.vhd(212) File: C:/Users/carlo/OneDrive/Escritorio/2024-1/VLSI/Practica08/RX.vhd Line: 212
Info (10041): Inferred latch for "value1[1]" at RX.vhd(212) File: C:/Users/carlo/OneDrive/Escritorio/2024-1/VLSI/Practica08/RX.vhd Line: 212
Info (10041): Inferred latch for "value1[2]" at RX.vhd(212) File: C:/Users/carlo/OneDrive/Escritorio/2024-1/VLSI/Practica08/RX.vhd Line: 212
Info (10041): Inferred latch for "value1[3]" at RX.vhd(212) File: C:/Users/carlo/OneDrive/Escritorio/2024-1/VLSI/Practica08/RX.vhd Line: 212
Info (10041): Inferred latch for "value1[4]" at RX.vhd(212) File: C:/Users/carlo/OneDrive/Escritorio/2024-1/VLSI/Practica08/RX.vhd Line: 212
Info (10041): Inferred latch for "value1[5]" at RX.vhd(212) File: C:/Users/carlo/OneDrive/Escritorio/2024-1/VLSI/Practica08/RX.vhd Line: 212
Info (10041): Inferred latch for "value1[6]" at RX.vhd(212) File: C:/Users/carlo/OneDrive/Escritorio/2024-1/VLSI/Practica08/RX.vhd Line: 212
Info (10041): Inferred latch for "value1[7]" at RX.vhd(212) File: C:/Users/carlo/OneDrive/Escritorio/2024-1/VLSI/Practica08/RX.vhd Line: 212
Info (13000): Registers with preset signals will power-up high File: C:/Users/carlo/OneDrive/Escritorio/2024-1/VLSI/Practica08/RX.vhd Line: 245
Info (13003): DEV_CLRn pin will set, and not reset, register with preset signal due to NOT Gate Push-Back
Warning (13004): Presettable and clearable registers converted to equivalent circuits with latches. Registers power-up to an undefined state, and DEVCLRn places the registers in an undefined state.
    Warning (13310): Register "D2[0]~reg0" is converted into an equivalent circuit using register "D2[0]~reg0_emulated" and latch "D2[0]~1" File: C:/Users/carlo/OneDrive/Escritorio/2024-1/VLSI/Practica08/RX.vhd Line: 245
    Warning (13310): Register "D2[1]~reg0" is converted into an equivalent circuit using register "D2[1]~reg0_emulated" and latch "D2[1]~6" File: C:/Users/carlo/OneDrive/Escritorio/2024-1/VLSI/Practica08/RX.vhd Line: 245
    Warning (13310): Register "D2[2]~reg0" is converted into an equivalent circuit using register "D2[2]~reg0_emulated" and latch "D2[2]~11" File: C:/Users/carlo/OneDrive/Escritorio/2024-1/VLSI/Practica08/RX.vhd Line: 245
    Warning (13310): Register "D2[3]~reg0" is converted into an equivalent circuit using register "D2[3]~reg0_emulated" and latch "D2[3]~16" File: C:/Users/carlo/OneDrive/Escritorio/2024-1/VLSI/Practica08/RX.vhd Line: 245
    Warning (13310): Register "D2[4]~reg0" is converted into an equivalent circuit using register "D2[4]~reg0_emulated" and latch "D2[4]~21" File: C:/Users/carlo/OneDrive/Escritorio/2024-1/VLSI/Practica08/RX.vhd Line: 245
    Warning (13310): Register "D2[5]~reg0" is converted into an equivalent circuit using register "D2[5]~reg0_emulated" and latch "D2[5]~26" File: C:/Users/carlo/OneDrive/Escritorio/2024-1/VLSI/Practica08/RX.vhd Line: 245
    Warning (13310): Register "D2[6]~reg0" is converted into an equivalent circuit using register "D2[6]~reg0_emulated" and latch "D2[6]~31" File: C:/Users/carlo/OneDrive/Escritorio/2024-1/VLSI/Practica08/RX.vhd Line: 245
    Warning (13310): Register "D3[0]~reg0" is converted into an equivalent circuit using register "D3[0]~reg0_emulated" and latch "D3[0]~1" File: C:/Users/carlo/OneDrive/Escritorio/2024-1/VLSI/Practica08/RX.vhd Line: 245
    Warning (13310): Register "D3[1]~reg0" is converted into an equivalent circuit using register "D3[1]~reg0_emulated" and latch "D3[0]~1" File: C:/Users/carlo/OneDrive/Escritorio/2024-1/VLSI/Practica08/RX.vhd Line: 245
    Warning (13310): Register "D3[2]~reg0" is converted into an equivalent circuit using register "D3[2]~reg0_emulated" and latch "D3[0]~1" File: C:/Users/carlo/OneDrive/Escritorio/2024-1/VLSI/Practica08/RX.vhd Line: 245
    Warning (13310): Register "D3[4]~reg0" is converted into an equivalent circuit using register "D3[4]~reg0_emulated" and latch "D3[0]~1" File: C:/Users/carlo/OneDrive/Escritorio/2024-1/VLSI/Practica08/RX.vhd Line: 245
    Warning (13310): Register "D3[5]~reg0" is converted into an equivalent circuit using register "D3[5]~reg0_emulated" and latch "D3[0]~1" File: C:/Users/carlo/OneDrive/Escritorio/2024-1/VLSI/Practica08/RX.vhd Line: 245
    Warning (13310): Register "D3[6]~reg0" is converted into an equivalent circuit using register "D3[6]~reg0_emulated" and latch "D3[0]~1" File: C:/Users/carlo/OneDrive/Escritorio/2024-1/VLSI/Practica08/RX.vhd Line: 245
    Warning (13310): Register "D4[2]~reg0" is converted into an equivalent circuit using register "D4[2]~reg0_emulated" and latch "D3[0]~1" File: C:/Users/carlo/OneDrive/Escritorio/2024-1/VLSI/Practica08/RX.vhd Line: 245
    Warning (13310): Register "D4[4]~reg0" is converted into an equivalent circuit using register "D4[4]~reg0_emulated" and latch "D3[0]~1" File: C:/Users/carlo/OneDrive/Escritorio/2024-1/VLSI/Practica08/RX.vhd Line: 245
    Warning (13310): Register "D4[6]~reg0" is converted into an equivalent circuit using register "D4[6]~reg0_emulated" and latch "D3[0]~1" File: C:/Users/carlo/OneDrive/Escritorio/2024-1/VLSI/Practica08/RX.vhd Line: 245
Info (286030): Timing-Driven Synthesis is running
Info (17049): 16 registers lost all their fanouts during netlist optimizations.
Info (16010): Generating hard_block partition "hard_block:auto_generated_inst"
    Info (16011): Adding 0 node(s), including 0 DDIO, 0 PLL, 0 transceiver and 0 LCELL
Info (21057): Implemented 384 device resources after synthesis - the final resource count might be different
    Info (21058): Implemented 2 input pins
    Info (21059): Implemented 51 output pins
    Info (21061): Implemented 331 logic cells
Info: Quartus Prime Analysis & Synthesis was successful. 0 errors, 23 warnings
    Info: Peak virtual memory: 4789 megabytes
    Info: Processing ended: Sat Oct 14 20:45:37 2023
    Info: Elapsed time: 00:00:14
    Info: Total CPU time (on all processors): 00:00:27


