Analysis & Synthesis report for p04
Fri Sep 22 20:00:54 2023
Quartus Prime Version 20.1.1 Build 720 11/11/2020 SJ Lite Edition


---------------------
; Table of Contents ;
---------------------
  1. Legal Notice
  2. Analysis & Synthesis Summary
  3. Analysis & Synthesis Settings
  4. Parallel Compilation
  5. Analysis & Synthesis Source Files Read
  6. Analysis & Synthesis Resource Usage Summary
  7. Analysis & Synthesis Resource Utilization by Entity
  8. State Machine - |p04|estado_actual
  9. Registers Removed During Synthesis
 10. General Register Statistics
 11. Inverted Register Statistics
 12. Multiplexer Restructuring Statistics (Restructuring Performed)
 13. Source assignments for Top-level Entity: |p04
 14. Parameter Settings for User Entity Instance: Top-level Entity: |p04
 15. Post-Synthesis Netlist Statistics for Top Partition
 16. Elapsed Time Per Partition
 17. Analysis & Synthesis Messages



----------------
; Legal Notice ;
----------------
Copyright (C) 2020  Intel Corporation. All rights reserved.
Your use of Intel Corporation's design tools, logic functions 
and other software and tools, and any partner logic 
functions, and any output files from any of the foregoing 
(including device programming or simulation files), and any 
associated documentation or information are expressly subject 
to the terms and conditions of the Intel Program License 
Subscription Agreement, the Intel Quartus Prime License Agreement,
the Intel FPGA IP License Agreement, or other applicable license
agreement, including, without limitation, that your use is for
the sole purpose of programming logic devices manufactured by
Intel and sold by Intel or its authorized distributors.  Please
refer to the applicable agreement for further details, at
https://fpgasoftware.intel.com/eula.



+----------------------------------------------------------------------------------+
; Analysis & Synthesis Summary                                                     ;
+------------------------------------+---------------------------------------------+
; Analysis & Synthesis Status        ; Successful - Fri Sep 22 20:00:54 2023       ;
; Quartus Prime Version              ; 20.1.1 Build 720 11/11/2020 SJ Lite Edition ;
; Revision Name                      ; p04                                         ;
; Top-level Entity Name              ; p04                                         ;
; Family                             ; MAX 10                                      ;
; Total logic elements               ; 303                                         ;
;     Total combinational functions  ; 146                                         ;
;     Dedicated logic registers      ; 208                                         ;
; Total registers                    ; 208                                         ;
; Total pins                         ; 53                                          ;
; Total virtual pins                 ; 0                                           ;
; Total memory bits                  ; 0                                           ;
; Embedded Multiplier 9-bit elements ; 0                                           ;
; Total PLLs                         ; 0                                           ;
; UFM blocks                         ; 0                                           ;
; ADC blocks                         ; 0                                           ;
+------------------------------------+---------------------------------------------+


+------------------------------------------------------------------------------------------------------------+
; Analysis & Synthesis Settings                                                                              ;
+------------------------------------------------------------------+--------------------+--------------------+
; Option                                                           ; Setting            ; Default Value      ;
+------------------------------------------------------------------+--------------------+--------------------+
; Device                                                           ; 10M50DAF484C7G     ;                    ;
; Top-level entity name                                            ; p04                ; p04                ;
; Family name                                                      ; MAX 10             ; Cyclone V          ;
; Use smart compilation                                            ; Off                ; Off                ;
; Enable parallel Assembler and Timing Analyzer during compilation ; On                 ; On                 ;
; Enable compact report table                                      ; Off                ; Off                ;
; Restructure Multiplexers                                         ; Auto               ; Auto               ;
; Create Debugging Nodes for IP Cores                              ; Off                ; Off                ;
; Preserve fewer node names                                        ; On                 ; On                 ;
; Intel FPGA IP Evaluation Mode                                    ; Enable             ; Enable             ;
; Verilog Version                                                  ; Verilog_2001       ; Verilog_2001       ;
; VHDL Version                                                     ; VHDL_1993          ; VHDL_1993          ;
; State Machine Processing                                         ; Auto               ; Auto               ;
; Safe State Machine                                               ; Off                ; Off                ;
; Extract Verilog State Machines                                   ; On                 ; On                 ;
; Extract VHDL State Machines                                      ; On                 ; On                 ;
; Ignore Verilog initial constructs                                ; Off                ; Off                ;
; Iteration limit for constant Verilog loops                       ; 5000               ; 5000               ;
; Iteration limit for non-constant Verilog loops                   ; 250                ; 250                ;
; Add Pass-Through Logic to Inferred RAMs                          ; On                 ; On                 ;
; Infer RAMs from Raw Logic                                        ; On                 ; On                 ;
; Parallel Synthesis                                               ; On                 ; On                 ;
; DSP Block Balancing                                              ; Auto               ; Auto               ;
; NOT Gate Push-Back                                               ; On                 ; On                 ;
; Power-Up Don't Care                                              ; On                 ; On                 ;
; Remove Redundant Logic Cells                                     ; Off                ; Off                ;
; Remove Duplicate Registers                                       ; On                 ; On                 ;
; Ignore CARRY Buffers                                             ; Off                ; Off                ;
; Ignore CASCADE Buffers                                           ; Off                ; Off                ;
; Ignore GLOBAL Buffers                                            ; Off                ; Off                ;
; Ignore ROW GLOBAL Buffers                                        ; Off                ; Off                ;
; Ignore LCELL Buffers                                             ; Off                ; Off                ;
; Ignore SOFT Buffers                                              ; On                 ; On                 ;
; Limit AHDL Integers to 32 Bits                                   ; Off                ; Off                ;
; Optimization Technique                                           ; Balanced           ; Balanced           ;
; Carry Chain Length                                               ; 70                 ; 70                 ;
; Auto Carry Chains                                                ; On                 ; On                 ;
; Auto Open-Drain Pins                                             ; On                 ; On                 ;
; Perform WYSIWYG Primitive Resynthesis                            ; Off                ; Off                ;
; Auto ROM Replacement                                             ; On                 ; On                 ;
; Auto RAM Replacement                                             ; On                 ; On                 ;
; Auto DSP Block Replacement                                       ; On                 ; On                 ;
; Auto Shift Register Replacement                                  ; Auto               ; Auto               ;
; Allow Shift Register Merging across Hierarchies                  ; Auto               ; Auto               ;
; Auto Clock Enable Replacement                                    ; On                 ; On                 ;
; Strict RAM Replacement                                           ; Off                ; Off                ;
; Allow Synchronous Control Signals                                ; On                 ; On                 ;
; Force Use of Synchronous Clear Signals                           ; Off                ; Off                ;
; Auto RAM Block Balancing                                         ; On                 ; On                 ;
; Auto RAM to Logic Cell Conversion                                ; Off                ; Off                ;
; Auto Resource Sharing                                            ; Off                ; Off                ;
; Allow Any RAM Size For Recognition                               ; Off                ; Off                ;
; Allow Any ROM Size For Recognition                               ; Off                ; Off                ;
; Allow Any Shift Register Size For Recognition                    ; Off                ; Off                ;
; Use LogicLock Constraints during Resource Balancing              ; On                 ; On                 ;
; Ignore translate_off and synthesis_off directives                ; Off                ; Off                ;
; Timing-Driven Synthesis                                          ; On                 ; On                 ;
; Report Parameter Settings                                        ; On                 ; On                 ;
; Report Source Assignments                                        ; On                 ; On                 ;
; Report Connectivity Checks                                       ; On                 ; On                 ;
; Ignore Maximum Fan-Out Assignments                               ; Off                ; Off                ;
; Synchronization Register Chain Length                            ; 2                  ; 2                  ;
; Power Optimization During Synthesis                              ; Normal compilation ; Normal compilation ;
; HDL message level                                                ; Level2             ; Level2             ;
; Suppress Register Optimization Related Messages                  ; Off                ; Off                ;
; Number of Removed Registers Reported in Synthesis Report         ; 5000               ; 5000               ;
; Number of Swept Nodes Reported in Synthesis Report               ; 5000               ; 5000               ;
; Number of Inverted Registers Reported in Synthesis Report        ; 100                ; 100                ;
; Clock MUX Protection                                             ; On                 ; On                 ;
; Auto Gated Clock Conversion                                      ; Off                ; Off                ;
; Block Design Naming                                              ; Auto               ; Auto               ;
; SDC constraint protection                                        ; Off                ; Off                ;
; Synthesis Effort                                                 ; Auto               ; Auto               ;
; Shift Register Replacement - Allow Asynchronous Clear Signal     ; On                 ; On                 ;
; Pre-Mapping Resynthesis Optimization                             ; Off                ; Off                ;
; Analysis & Synthesis Message Level                               ; Medium             ; Medium             ;
; Disable Register Merging Across Hierarchies                      ; Auto               ; Auto               ;
; Resource Aware Inference For Block RAM                           ; On                 ; On                 ;
+------------------------------------------------------------------+--------------------+--------------------+


+------------------------------------------+
; Parallel Compilation                     ;
+----------------------------+-------------+
; Processors                 ; Number      ;
+----------------------------+-------------+
; Number detected on machine ; 4           ;
; Maximum allowed            ; 2           ;
;                            ;             ;
; Average used               ; 1.00        ;
; Maximum used               ; 2           ;
;                            ;             ;
; Usage by Processor         ; % Time Used ;
;     Processor 1            ; 100.0%      ;
;     Processor 2            ;   0.0%      ;
+----------------------------+-------------+


+---------------------------------------------------------------------------------------------------------------------------------------------------------+
; Analysis & Synthesis Source Files Read                                                                                                                  ;
+----------------------------------+-----------------+-----------------+------------------------------------------------------------------------+---------+
; File Name with User-Entered Path ; Used in Netlist ; File Type       ; File Name with Absolute Path                                           ; Library ;
+----------------------------------+-----------------+-----------------+------------------------------------------------------------------------+---------+
; p04.vhd                          ; yes             ; User VHDL File  ; C:/Users/IsraCode/Documents/FI/2024-1/VLSI/P4/p4Complementaria/p04.vhd ;         ;
+----------------------------------+-----------------+-----------------+------------------------------------------------------------------------+---------+


+---------------------------------------------------------+
; Analysis & Synthesis Resource Usage Summary             ;
+---------------------------------------------+-----------+
; Resource                                    ; Usage     ;
+---------------------------------------------+-----------+
; Estimated Total logic elements              ; 303       ;
;                                             ;           ;
; Total combinational functions               ; 146       ;
; Logic element usage by number of LUT inputs ;           ;
;     -- 4 input functions                    ; 82        ;
;     -- 3 input functions                    ; 14        ;
;     -- <=2 input functions                  ; 50        ;
;                                             ;           ;
; Logic elements by mode                      ;           ;
;     -- normal mode                          ; 120       ;
;     -- arithmetic mode                      ; 26        ;
;                                             ;           ;
; Total registers                             ; 208       ;
;     -- Dedicated logic registers            ; 208       ;
;     -- I/O registers                        ; 0         ;
;                                             ;           ;
; I/O pins                                    ; 53        ;
;                                             ;           ;
; Embedded Multiplier 9-bit elements          ; 0         ;
;                                             ;           ;
; Maximum fan-out node                        ; CLK~input ;
; Maximum fan-out                             ; 176       ;
; Total fan-out                               ; 1144      ;
; Average fan-out                             ; 2.49      ;
+---------------------------------------------+-----------+


+------------------------------------------------------------------------------------------------------------------------------------------------------------------------------------------------------------------------------------+
; Analysis & Synthesis Resource Utilization by Entity                                                                                                                                                                                ;
+----------------------------+---------------------+---------------------------+-------------+------------+--------------+---------+-----------+------+--------------+------------+---------------------+-------------+--------------+
; Compilation Hierarchy Node ; Combinational ALUTs ; Dedicated Logic Registers ; Memory Bits ; UFM Blocks ; DSP Elements ; DSP 9x9 ; DSP 18x18 ; Pins ; Virtual Pins ; ADC blocks ; Full Hierarchy Name ; Entity Name ; Library Name ;
+----------------------------+---------------------+---------------------------+-------------+------------+--------------+---------+-----------+------+--------------+------------+---------------------+-------------+--------------+
; |p04                       ; 146 (146)           ; 208 (208)                 ; 0           ; 0          ; 0            ; 0       ; 0         ; 53   ; 0            ; 0          ; |p04                ; p04         ; work         ;
+----------------------------+---------------------+---------------------------+-------------+------------+--------------+---------+-----------+------+--------------+------------+---------------------+-------------+--------------+
Note: For table entries with two numbers listed, the numbers in parentheses indicate the number of resources of the given type used by the specific entity alone. The numbers listed outside of parentheses indicate the total resources of the given type used by the specific entity and all of its sub-entities in the hierarchy.


Encoding Type:  One-Hot
+-----------------------------------------------------------------------------------------------------------------+
; State Machine - |p04|estado_actual                                                                              ;
+------------------+------------------+------------------+------------------+------------------+------------------+
; Name             ; estado_actual.e5 ; estado_actual.e4 ; estado_actual.e3 ; estado_actual.e2 ; estado_actual.e1 ;
+------------------+------------------+------------------+------------------+------------------+------------------+
; estado_actual.e1 ; 0                ; 0                ; 0                ; 0                ; 0                ;
; estado_actual.e2 ; 0                ; 0                ; 0                ; 1                ; 1                ;
; estado_actual.e3 ; 0                ; 0                ; 1                ; 0                ; 1                ;
; estado_actual.e4 ; 0                ; 1                ; 0                ; 0                ; 1                ;
; estado_actual.e5 ; 1                ; 0                ; 0                ; 0                ; 1                ;
+------------------+------------------+------------------+------------------+------------------+------------------+


+---------------------------------------------------------------------------------+
; Registers Removed During Synthesis                                              ;
+----------------------------------------+----------------------------------------+
; Register name                          ; Reason for Removal                     ;
+----------------------------------------+----------------------------------------+
; Ds1[1]~reg0                            ; Stuck at VCC due to stuck port data_in ;
; Ds2[5]~reg0                            ; Stuck at VCC due to stuck port data_in ;
; Ds2[1]~reg0                            ; Stuck at VCC due to stuck port data_in ;
; Ds2[0]~reg0                            ; Stuck at VCC due to stuck port data_in ;
; estado_actual.e1                       ; Lost fanout                            ;
; estado_actual.e2                       ; Lost fanout                            ;
; estado_actual.e3                       ; Lost fanout                            ;
; estado_actual.e4                       ; Lost fanout                            ;
; estado_actual.e5                       ; Lost fanout                            ;
; CONTA_1MS[0]                           ; Merged with CONTA_10MS[0]              ;
; CONTA_1MS[1]                           ; Merged with CONTA_10MS[1]              ;
; CONTA_1MS[2]                           ; Merged with CONTA_10MS[2]              ;
; Total Number of Removed Registers = 12 ;                                        ;
+----------------------------------------+----------------------------------------+


+------------------------------------------------------+
; General Register Statistics                          ;
+----------------------------------------------+-------+
; Statistic                                    ; Value ;
+----------------------------------------------+-------+
; Total registers                              ; 208   ;
; Number of registers using Synchronous Clear  ; 0     ;
; Number of registers using Synchronous Load   ; 0     ;
; Number of registers using Asynchronous Clear ; 32    ;
; Number of registers using Asynchronous Load  ; 0     ;
; Number of registers using Clock Enable       ; 132   ;
; Number of registers using Preset             ; 0     ;
+----------------------------------------------+-------+


+---------------------------------------------------+
; Inverted Register Statistics                      ;
+-----------------------------------------+---------+
; Inverted Register                       ; Fan out ;
+-----------------------------------------+---------+
; D0[0]~reg0                              ; 3       ;
; D0[1]~reg0                              ; 3       ;
; D0[2]~reg0                              ; 3       ;
; D0[3]~reg0                              ; 3       ;
; D0[4]~reg0                              ; 3       ;
; D0[5]~reg0                              ; 3       ;
; D1[0]~reg0                              ; 3       ;
; D1[1]~reg0                              ; 3       ;
; D1[2]~reg0                              ; 3       ;
; D1[3]~reg0                              ; 3       ;
; D1[4]~reg0                              ; 3       ;
; D1[5]~reg0                              ; 3       ;
; D2[0]~reg0                              ; 3       ;
; D2[1]~reg0                              ; 3       ;
; D2[2]~reg0                              ; 3       ;
; D2[3]~reg0                              ; 3       ;
; D2[4]~reg0                              ; 3       ;
; D2[5]~reg0                              ; 3       ;
; D3[0]~reg0                              ; 2       ;
; D3[1]~reg0                              ; 2       ;
; D3[2]~reg0                              ; 2       ;
; D3[3]~reg0                              ; 2       ;
; D3[4]~reg0                              ; 2       ;
; D3[5]~reg0                              ; 2       ;
; Total number of inverted registers = 24 ;         ;
+-----------------------------------------+---------+


+------------------------------------------------------------------------------------------------------------------------------------------+
; Multiplexer Restructuring Statistics (Restructuring Performed)                                                                           ;
+--------------------+-----------+---------------+----------------------+------------------------+------------+----------------------------+
; Multiplexer Inputs ; Bus Width ; Baseline Area ; Area if Restructured ; Saving if Restructured ; Registered ; Example Multiplexer Output ;
+--------------------+-----------+---------------+----------------------+------------------------+------------+----------------------------+
; 17:1               ; 4 bits    ; 44 LEs        ; 40 LEs               ; 4 LEs                  ; Yes        ; |p04|BOTON_PRES[2]         ;
+--------------------+-----------+---------------+----------------------+------------------------+------------+----------------------------+


+-----------------------------------------------+
; Source assignments for Top-level Entity: |p04 ;
+------------+----------+------+----------------+
; Assignment ; Value    ; From ; To             ;
+------------+----------+------+----------------+
; LOCATION   ; Pin_Y7   ; -    ; FILAS[3]       ;
; LOCATION   ; Pin_78   ; -    ; FILAS[2]       ;
; LOCATION   ; Pin_AA10 ; -    ; FILAS[1]       ;
; LOCATION   ; Pin_W11  ; -    ; FILAS[0]       ;
; LOCATION   ; Pin_Y11  ; -    ; COLUMNAS[3]    ;
; LOCATION   ; Pin_AB13 ; -    ; COLUMNAS[2]    ;
; LOCATION   ; Pin_W13  ; -    ; COLUMNAS[1]    ;
; LOCATION   ; Pin_AA15 ; -    ; COLUMNAS[0]    ;
; LOCATION   ; Pin_C17  ; -    ; D0[6]          ;
; LOCATION   ; Pin_D17  ; -    ; D0[5]          ;
; LOCATION   ; Pin_E16  ; -    ; D0[4]          ;
; LOCATION   ; Pin_C16  ; -    ; D0[3]          ;
; LOCATION   ; Pin_C15  ; -    ; D0[2]          ;
; LOCATION   ; Pin_E15  ; -    ; D0[1]          ;
; LOCATION   ; Pin_C14  ; -    ; D0[0]          ;
; LOCATION   ; Pin_B17  ; -    ; D1[6]          ;
; LOCATION   ; Pin_A18  ; -    ; D1[5]          ;
; LOCATION   ; Pin_A17  ; -    ; D1[4]          ;
; LOCATION   ; Pin_B16  ; -    ; D1[3]          ;
; LOCATION   ; Pin_E18  ; -    ; D1[2]          ;
; LOCATION   ; Pin_D18  ; -    ; D1[1]          ;
; LOCATION   ; Pin_C18  ; -    ; D1[0]          ;
; LOCATION   ; Pin_B22  ; -    ; D2[6]          ;
; LOCATION   ; Pin_C22  ; -    ; D2[5]          ;
; LOCATION   ; Pin_B21  ; -    ; D2[4]          ;
; LOCATION   ; Pin_A21  ; -    ; D2[3]          ;
; LOCATION   ; Pin_B19  ; -    ; D2[2]          ;
; LOCATION   ; Pin_A20  ; -    ; D2[1]          ;
; LOCATION   ; Pin_B20  ; -    ; D2[0]          ;
; LOCATION   ; Pin_E17  ; -    ; D3[6]          ;
; LOCATION   ; Pin_D19  ; -    ; D3[5]          ;
; LOCATION   ; Pin_C20  ; -    ; D3[4]          ;
; LOCATION   ; Pin_C19  ; -    ; D3[3]          ;
; LOCATION   ; Pin_E21  ; -    ; D3[2]          ;
; LOCATION   ; Pin_E22  ; -    ; D3[1]          ;
; LOCATION   ; Pin_F21  ; -    ; D3[0]          ;
; LOCATION   ; Pin_N20  ; -    ; Ds1[6]         ;
; LOCATION   ; Pin_N19  ; -    ; Ds1[5]         ;
; LOCATION   ; Pin_M20  ; -    ; Ds1[4]         ;
; LOCATION   ; Pin_N18  ; -    ; Ds1[3]         ;
; LOCATION   ; Pin_L18  ; -    ; Ds1[2]         ;
; LOCATION   ; Pin_K20  ; -    ; Ds1[1]         ;
; LOCATION   ; Pin_J20  ; -    ; Ds1[0]         ;
; LOCATION   ; Pin_F20  ; -    ; Ds2[6]         ;
; LOCATION   ; Pin_F19  ; -    ; Ds2[5]         ;
; LOCATION   ; Pin_H19  ; -    ; Ds2[4]         ;
; LOCATION   ; Pin_J18  ; -    ; Ds2[3]         ;
; LOCATION   ; Pin_E19  ; -    ; Ds2[2]         ;
; LOCATION   ; Pin_E20  ; -    ; Ds2[1]         ;
; LOCATION   ; Pin_F18  ; -    ; Ds2[0]         ;
; LOCATION   ; Pin_P11  ; -    ; CLK            ;
; LOCATION   ; Pin_A8   ; -    ; LED            ;
+------------+----------+------+----------------+


+---------------------------------------------------------------------+
; Parameter Settings for User Entity Instance: Top-level Entity: |p04 ;
+----------------+---------+------------------------------------------+
; Parameter Name ; Value   ; Type                                     ;
+----------------+---------+------------------------------------------+
; FREQ_CLK       ; 5000000 ; Signed Integer                           ;
+----------------+---------+------------------------------------------+
Note: In order to hide this table in the UI and the text report file, please set the "Show Parameter Settings in Synthesis Report" option in "Analysis and Synthesis Settings -> More Settings" to "Off".


+-----------------------------------------------------+
; Post-Synthesis Netlist Statistics for Top Partition ;
+-----------------------+-----------------------------+
; Type                  ; Count                       ;
+-----------------------+-----------------------------+
; boundary_port         ; 53                          ;
; cycloneiii_ff         ; 208                         ;
;     CLR               ; 32                          ;
;     ENA               ; 132                         ;
;     plain             ; 44                          ;
; cycloneiii_lcell_comb ; 172                         ;
;     arith             ; 26                          ;
;         2 data inputs ; 25                          ;
;         3 data inputs ; 1                           ;
;     normal            ; 146                         ;
;         0 data inputs ; 1                           ;
;         1 data inputs ; 28                          ;
;         2 data inputs ; 22                          ;
;         3 data inputs ; 13                          ;
;         4 data inputs ; 82                          ;
;                       ;                             ;
; Max LUT depth         ; 5.00                        ;
; Average LUT depth     ; 3.24                        ;
+-----------------------+-----------------------------+


+-------------------------------+
; Elapsed Time Per Partition    ;
+----------------+--------------+
; Partition Name ; Elapsed Time ;
+----------------+--------------+
; Top            ; 00:00:02     ;
+----------------+--------------+


+-------------------------------+
; Analysis & Synthesis Messages ;
+-------------------------------+
Info: *******************************************************************
Info: Running Quartus Prime Analysis & Synthesis
    Info: Version 20.1.1 Build 720 11/11/2020 SJ Lite Edition
    Info: Processing started: Fri Sep 22 19:59:58 2023
Info: Command: quartus_map --read_settings_files=on --write_settings_files=off p04 -c p04
Warning (18236): Number of processors has not been specified which may cause overloading on shared machines.  Set the global assignment NUM_PARALLEL_PROCESSORS in your QSF to an appropriate value for best performance.
Info (20030): Parallel compilation is enabled and will use 2 of the 2 processors detected
Info (12021): Found 2 design units, including 1 entities, in source file p04.vhd
    Info (12022): Found design unit 1: p04-behavioral File: C:/Users/IsraCode/Documents/FI/2024-1/VLSI/P4/p4Complementaria/p04.vhd Line: 24
    Info (12023): Found entity 1: p04 File: C:/Users/IsraCode/Documents/FI/2024-1/VLSI/P4/p4Complementaria/p04.vhd Line: 11
Info (12127): Elaborating entity "p04" for the top level hierarchy
Warning (10492): VHDL Process Statement warning at p04.vhd(236): signal "BOTON_PRES" is read inside the Process Statement but isn't in the Process Statement's sensitivity list File: C:/Users/IsraCode/Documents/FI/2024-1/VLSI/P4/p4Complementaria/p04.vhd Line: 236
Warning (10492): VHDL Process Statement warning at p04.vhd(236): signal "IND" is read inside the Process Statement but isn't in the Process Statement's sensitivity list File: C:/Users/IsraCode/Documents/FI/2024-1/VLSI/P4/p4Complementaria/p04.vhd Line: 236
Warning (10492): VHDL Process Statement warning at p04.vhd(243): signal "BOTON_PRES" is read inside the Process Statement but isn't in the Process Statement's sensitivity list File: C:/Users/IsraCode/Documents/FI/2024-1/VLSI/P4/p4Complementaria/p04.vhd Line: 243
Warning (10492): VHDL Process Statement warning at p04.vhd(243): signal "IND" is read inside the Process Statement but isn't in the Process Statement's sensitivity list File: C:/Users/IsraCode/Documents/FI/2024-1/VLSI/P4/p4Complementaria/p04.vhd Line: 243
Warning (10492): VHDL Process Statement warning at p04.vhd(250): signal "BOTON_PRES" is read inside the Process Statement but isn't in the Process Statement's sensitivity list File: C:/Users/IsraCode/Documents/FI/2024-1/VLSI/P4/p4Complementaria/p04.vhd Line: 250
Warning (10492): VHDL Process Statement warning at p04.vhd(250): signal "IND" is read inside the Process Statement but isn't in the Process Statement's sensitivity list File: C:/Users/IsraCode/Documents/FI/2024-1/VLSI/P4/p4Complementaria/p04.vhd Line: 250
Warning (10492): VHDL Process Statement warning at p04.vhd(257): signal "BOTON_PRES" is read inside the Process Statement but isn't in the Process Statement's sensitivity list File: C:/Users/IsraCode/Documents/FI/2024-1/VLSI/P4/p4Complementaria/p04.vhd Line: 257
Warning (10492): VHDL Process Statement warning at p04.vhd(257): signal "IND" is read inside the Process Statement but isn't in the Process Statement's sensitivity list File: C:/Users/IsraCode/Documents/FI/2024-1/VLSI/P4/p4Complementaria/p04.vhd Line: 257
Warning (10492): VHDL Process Statement warning at p04.vhd(271): signal "reiniciar" is read inside the Process Statement but isn't in the Process Statement's sensitivity list File: C:/Users/IsraCode/Documents/FI/2024-1/VLSI/P4/p4Complementaria/p04.vhd Line: 271
Info (13000): Registers with preset signals will power-up high File: C:/Users/IsraCode/Documents/FI/2024-1/VLSI/P4/p4Complementaria/p04.vhd Line: 278
Info (13003): DEV_CLRn pin will set, and not reset, register with preset signal due to NOT Gate Push-Back
Warning (13024): Output pins are stuck at VCC or GND
    Warning (13410): Pin "Ds1[1]" is stuck at VCC File: C:/Users/IsraCode/Documents/FI/2024-1/VLSI/P4/p4Complementaria/p04.vhd Line: 294
    Warning (13410): Pin "Ds2[0]" is stuck at VCC File: C:/Users/IsraCode/Documents/FI/2024-1/VLSI/P4/p4Complementaria/p04.vhd Line: 294
    Warning (13410): Pin "Ds2[1]" is stuck at VCC File: C:/Users/IsraCode/Documents/FI/2024-1/VLSI/P4/p4Complementaria/p04.vhd Line: 294
    Warning (13410): Pin "Ds2[5]" is stuck at VCC File: C:/Users/IsraCode/Documents/FI/2024-1/VLSI/P4/p4Complementaria/p04.vhd Line: 294
Info (286030): Timing-Driven Synthesis is running
Info (17049): 5 registers lost all their fanouts during netlist optimizations.
Info (16010): Generating hard_block partition "hard_block:auto_generated_inst"
    Info (16011): Adding 0 node(s), including 0 DDIO, 0 PLL, 0 transceiver and 0 LCELL
Info (21057): Implemented 363 device resources after synthesis - the final resource count might be different
    Info (21058): Implemented 5 input pins
    Info (21059): Implemented 48 output pins
    Info (21061): Implemented 310 logic cells
Info: Quartus Prime Analysis & Synthesis was successful. 0 errors, 15 warnings
    Info: Peak virtual memory: 4795 megabytes
    Info: Processing ended: Fri Sep 22 20:00:54 2023
    Info: Elapsed time: 00:00:56
    Info: Total CPU time (on all processors): 00:00:53


