Analysis & Synthesis report for Practica10
Sat Nov 04 19:38:57 2023
Quartus Prime Version 20.1.1 Build 720 11/11/2020 SJ Lite Edition


---------------------
; Table of Contents ;
---------------------
  1. Legal Notice
  2. Analysis & Synthesis Summary
  3. Analysis & Synthesis Settings
  4. Parallel Compilation
  5. Analysis & Synthesis Source Files Read
  6. Analysis & Synthesis Resource Usage Summary
  7. Analysis & Synthesis Resource Utilization by Entity
  8. Registers Removed During Synthesis
  9. General Register Statistics
 10. Inverted Register Statistics
 11. Multiplexer Restructuring Statistics (Restructuring Performed)
 12. Source assignments for Top-level Entity: |vga
 13. Parameter Settings for User Entity Instance: Top-level Entity: |vga
 14. Post-Synthesis Netlist Statistics for Top Partition
 15. Elapsed Time Per Partition
 16. Analysis & Synthesis Messages



----------------
; Legal Notice ;
----------------
Copyright (C) 2020  Intel Corporation. All rights reserved.
Your use of Intel Corporation's design tools, logic functions 
and other software and tools, and any partner logic 
functions, and any output files from any of the foregoing 
(including device programming or simulation files), and any 
associated documentation or information are expressly subject 
to the terms and conditions of the Intel Program License 
Subscription Agreement, the Intel Quartus Prime License Agreement,
the Intel FPGA IP License Agreement, or other applicable license
agreement, including, without limitation, that your use is for
the sole purpose of programming logic devices manufactured by
Intel and sold by Intel or its authorized distributors.  Please
refer to the applicable agreement for further details, at
https://fpgasoftware.intel.com/eula.



+----------------------------------------------------------------------------------+
; Analysis & Synthesis Summary                                                     ;
+------------------------------------+---------------------------------------------+
; Analysis & Synthesis Status        ; Successful - Sat Nov 04 19:38:57 2023       ;
; Quartus Prime Version              ; 20.1.1 Build 720 11/11/2020 SJ Lite Edition ;
; Revision Name                      ; Practica10                                  ;
; Top-level Entity Name              ; vga                                         ;
; Family                             ; MAX 10                                      ;
; Total logic elements               ; 1,366                                       ;
;     Total combinational functions  ; 1,345                                       ;
;     Dedicated logic registers      ; 55                                          ;
; Total registers                    ; 55                                          ;
; Total pins                         ; 19                                          ;
; Total virtual pins                 ; 0                                           ;
; Total memory bits                  ; 0                                           ;
; Embedded Multiplier 9-bit elements ; 0                                           ;
; Total PLLs                         ; 0                                           ;
; UFM blocks                         ; 0                                           ;
; ADC blocks                         ; 0                                           ;
+------------------------------------+---------------------------------------------+


+------------------------------------------------------------------------------------------------------------+
; Analysis & Synthesis Settings                                                                              ;
+------------------------------------------------------------------+--------------------+--------------------+
; Option                                                           ; Setting            ; Default Value      ;
+------------------------------------------------------------------+--------------------+--------------------+
; Device                                                           ; 10M50DAF484C7G     ;                    ;
; Top-level entity name                                            ; vga                ; Practica10         ;
; Family name                                                      ; MAX 10             ; Cyclone V          ;
; Use smart compilation                                            ; Off                ; Off                ;
; Enable parallel Assembler and Timing Analyzer during compilation ; On                 ; On                 ;
; Enable compact report table                                      ; Off                ; Off                ;
; Restructure Multiplexers                                         ; Auto               ; Auto               ;
; Create Debugging Nodes for IP Cores                              ; Off                ; Off                ;
; Preserve fewer node names                                        ; On                 ; On                 ;
; Intel FPGA IP Evaluation Mode                                    ; Enable             ; Enable             ;
; Verilog Version                                                  ; Verilog_2001       ; Verilog_2001       ;
; VHDL Version                                                     ; VHDL_1993          ; VHDL_1993          ;
; State Machine Processing                                         ; Auto               ; Auto               ;
; Safe State Machine                                               ; Off                ; Off                ;
; Extract Verilog State Machines                                   ; On                 ; On                 ;
; Extract VHDL State Machines                                      ; On                 ; On                 ;
; Ignore Verilog initial constructs                                ; Off                ; Off                ;
; Iteration limit for constant Verilog loops                       ; 5000               ; 5000               ;
; Iteration limit for non-constant Verilog loops                   ; 250                ; 250                ;
; Add Pass-Through Logic to Inferred RAMs                          ; On                 ; On                 ;
; Infer RAMs from Raw Logic                                        ; On                 ; On                 ;
; Parallel Synthesis                                               ; On                 ; On                 ;
; DSP Block Balancing                                              ; Auto               ; Auto               ;
; NOT Gate Push-Back                                               ; On                 ; On                 ;
; Power-Up Don't Care                                              ; On                 ; On                 ;
; Remove Redundant Logic Cells                                     ; Off                ; Off                ;
; Remove Duplicate Registers                                       ; On                 ; On                 ;
; Ignore CARRY Buffers                                             ; Off                ; Off                ;
; Ignore CASCADE Buffers                                           ; Off                ; Off                ;
; Ignore GLOBAL Buffers                                            ; Off                ; Off                ;
; Ignore ROW GLOBAL Buffers                                        ; Off                ; Off                ;
; Ignore LCELL Buffers                                             ; Off                ; Off                ;
; Ignore SOFT Buffers                                              ; On                 ; On                 ;
; Limit AHDL Integers to 32 Bits                                   ; Off                ; Off                ;
; Optimization Technique                                           ; Balanced           ; Balanced           ;
; Carry Chain Length                                               ; 70                 ; 70                 ;
; Auto Carry Chains                                                ; On                 ; On                 ;
; Auto Open-Drain Pins                                             ; On                 ; On                 ;
; Perform WYSIWYG Primitive Resynthesis                            ; Off                ; Off                ;
; Auto ROM Replacement                                             ; On                 ; On                 ;
; Auto RAM Replacement                                             ; On                 ; On                 ;
; Auto DSP Block Replacement                                       ; On                 ; On                 ;
; Auto Shift Register Replacement                                  ; Auto               ; Auto               ;
; Allow Shift Register Merging across Hierarchies                  ; Auto               ; Auto               ;
; Auto Clock Enable Replacement                                    ; On                 ; On                 ;
; Strict RAM Replacement                                           ; Off                ; Off                ;
; Allow Synchronous Control Signals                                ; On                 ; On                 ;
; Force Use of Synchronous Clear Signals                           ; Off                ; Off                ;
; Auto RAM Block Balancing                                         ; On                 ; On                 ;
; Auto RAM to Logic Cell Conversion                                ; Off                ; Off                ;
; Auto Resource Sharing                                            ; Off                ; Off                ;
; Allow Any RAM Size For Recognition                               ; Off                ; Off                ;
; Allow Any ROM Size For Recognition                               ; Off                ; Off                ;
; Allow Any Shift Register Size For Recognition                    ; Off                ; Off                ;
; Use LogicLock Constraints during Resource Balancing              ; On                 ; On                 ;
; Ignore translate_off and synthesis_off directives                ; Off                ; Off                ;
; Timing-Driven Synthesis                                          ; On                 ; On                 ;
; Report Parameter Settings                                        ; On                 ; On                 ;
; Report Source Assignments                                        ; On                 ; On                 ;
; Report Connectivity Checks                                       ; On                 ; On                 ;
; Ignore Maximum Fan-Out Assignments                               ; Off                ; Off                ;
; Synchronization Register Chain Length                            ; 2                  ; 2                  ;
; Power Optimization During Synthesis                              ; Normal compilation ; Normal compilation ;
; HDL message level                                                ; Level2             ; Level2             ;
; Suppress Register Optimization Related Messages                  ; Off                ; Off                ;
; Number of Removed Registers Reported in Synthesis Report         ; 5000               ; 5000               ;
; Number of Swept Nodes Reported in Synthesis Report               ; 5000               ; 5000               ;
; Number of Inverted Registers Reported in Synthesis Report        ; 100                ; 100                ;
; Clock MUX Protection                                             ; On                 ; On                 ;
; Auto Gated Clock Conversion                                      ; Off                ; Off                ;
; Block Design Naming                                              ; Auto               ; Auto               ;
; SDC constraint protection                                        ; Off                ; Off                ;
; Synthesis Effort                                                 ; Auto               ; Auto               ;
; Shift Register Replacement - Allow Asynchronous Clear Signal     ; On                 ; On                 ;
; Pre-Mapping Resynthesis Optimization                             ; Off                ; Off                ;
; Analysis & Synthesis Message Level                               ; Medium             ; Medium             ;
; Disable Register Merging Across Hierarchies                      ; Auto               ; Auto               ;
; Resource Aware Inference For Block RAM                           ; On                 ; On                 ;
+------------------------------------------------------------------+--------------------+--------------------+


+------------------------------------------+
; Parallel Compilation                     ;
+----------------------------+-------------+
; Processors                 ; Number      ;
+----------------------------+-------------+
; Number detected on machine ; 4           ;
; Maximum allowed            ; 2           ;
;                            ;             ;
; Average used               ; 1.00        ;
; Maximum used               ; 2           ;
;                            ;             ;
; Usage by Processor         ; % Time Used ;
;     Processor 1            ; 100.0%      ;
;     Processor 2            ;   0.0%      ;
+----------------------------+-------------+


+-------------------------------------------------------------------------------------------------------------------------------------------------------------------+
; Analysis & Synthesis Source Files Read                                                                                                                            ;
+----------------------------------+-----------------+-----------------+----------------------------------------------------------------------------------+---------+
; File Name with User-Entered Path ; Used in Netlist ; File Type       ; File Name with Absolute Path                                                     ; Library ;
+----------------------------------+-----------------+-----------------+----------------------------------------------------------------------------------+---------+
; vga.vhd                          ; yes             ; User VHDL File  ; C:/Users/IsraCode/Documents/FI/2024-1/VLSI/p10/complementaria/Practica10/vga.vhd ;         ;
+----------------------------------+-----------------+-----------------+----------------------------------------------------------------------------------+---------+


+-----------------------------------------------------+
; Analysis & Synthesis Resource Usage Summary         ;
+---------------------------------------------+-------+
; Resource                                    ; Usage ;
+---------------------------------------------+-------+
; Estimated Total logic elements              ; 1,366 ;
;                                             ;       ;
; Total combinational functions               ; 1345  ;
; Logic element usage by number of LUT inputs ;       ;
;     -- 4 input functions                    ; 237   ;
;     -- 3 input functions                    ; 730   ;
;     -- <=2 input functions                  ; 378   ;
;                                             ;       ;
; Logic elements by mode                      ;       ;
;     -- normal mode                          ; 447   ;
;     -- arithmetic mode                      ; 898   ;
;                                             ;       ;
; Total registers                             ; 55    ;
;     -- Dedicated logic registers            ; 55    ;
;     -- I/O registers                        ; 0     ;
;                                             ;       ;
; I/O pins                                    ; 19    ;
;                                             ;       ;
; Embedded Multiplier 9-bit elements          ; 0     ;
;                                             ;       ;
; Maximum fan-out node                        ; y[0]  ;
; Maximum fan-out                             ; 117   ;
; Total fan-out                               ; 4032  ;
; Average fan-out                             ; 2.80  ;
+---------------------------------------------+-------+


+------------------------------------------------------------------------------------------------------------------------------------------------------------------------------------------------------------------------------------+
; Analysis & Synthesis Resource Utilization by Entity                                                                                                                                                                                ;
+----------------------------+---------------------+---------------------------+-------------+------------+--------------+---------+-----------+------+--------------+------------+---------------------+-------------+--------------+
; Compilation Hierarchy Node ; Combinational ALUTs ; Dedicated Logic Registers ; Memory Bits ; UFM Blocks ; DSP Elements ; DSP 9x9 ; DSP 18x18 ; Pins ; Virtual Pins ; ADC blocks ; Full Hierarchy Name ; Entity Name ; Library Name ;
+----------------------------+---------------------+---------------------------+-------------+------------+--------------+---------+-----------+------+--------------+------------+---------------------+-------------+--------------+
; |vga                       ; 1345 (1345)         ; 55 (55)                   ; 0           ; 0          ; 0            ; 0       ; 0         ; 19   ; 0            ; 0          ; |vga                ; vga         ; work         ;
+----------------------------+---------------------+---------------------------+-------------+------------+--------------+---------+-----------+------+--------------+------------+---------------------+-------------+--------------+
Note: For table entries with two numbers listed, the numbers in parentheses indicate the number of resources of the given type used by the specific entity alone. The numbers listed outside of parentheses indicate the total resources of the given type used by the specific entity and all of its sub-entities in the hierarchy.


+---------------------------------------------------------------------------------+
; Registers Removed During Synthesis                                              ;
+----------------------------------------+----------------------------------------+
; Register name                          ; Reason for Removal                     ;
+----------------------------------------+----------------------------------------+
; x[7]                                   ; Stuck at GND due to stuck port data_in ;
; row[10..30]                            ; Stuck at GND due to stuck port data_in ;
; column[10..30]                         ; Stuck at GND due to stuck port data_in ;
; y[6]                                   ; Merged with x[8]                       ;
; x[2,3]                                 ; Merged with x[0]                       ;
; x[4,5]                                 ; Merged with x[1]                       ;
; x[9]                                   ; Merged with x[6]                       ;
; y[2,3]                                 ; Merged with y[0]                       ;
; row[9]                                 ; Stuck at GND due to stuck port data_in ;
; Total Number of Removed Registers = 52 ;                                        ;
+----------------------------------------+----------------------------------------+


+------------------------------------------------------+
; General Register Statistics                          ;
+----------------------------------------------+-------+
; Statistic                                    ; Value ;
+----------------------------------------------+-------+
; Total registers                              ; 55    ;
; Number of registers using Synchronous Clear  ; 20    ;
; Number of registers using Synchronous Load   ; 0     ;
; Number of registers using Asynchronous Clear ; 0     ;
; Number of registers using Asynchronous Load  ; 0     ;
; Number of registers using Clock Enable       ; 31    ;
; Number of registers using Preset             ; 0     ;
+----------------------------------------------+-------+


+--------------------------------------------------+
; Inverted Register Statistics                     ;
+----------------------------------------+---------+
; Inverted Register                      ; Fan out ;
+----------------------------------------+---------+
; y[8]                                   ; 35      ;
; y[7]                                   ; 44      ;
; y[4]                                   ; 41      ;
; row[0]                                 ; 36      ;
; row[31]                                ; 27      ;
; column[31]                             ; 44      ;
; column[0]                              ; 44      ;
; Total number of inverted registers = 7 ;         ;
+----------------------------------------+---------+


+------------------------------------------------------------------------------------------------------------------------------------------+
; Multiplexer Restructuring Statistics (Restructuring Performed)                                                                           ;
+--------------------+-----------+---------------+----------------------+------------------------+------------+----------------------------+
; Multiplexer Inputs ; Bus Width ; Baseline Area ; Area if Restructured ; Saving if Restructured ; Registered ; Example Multiplexer Output ;
+--------------------+-----------+---------------+----------------------+------------------------+------------+----------------------------+
; 3:1                ; 2 bits    ; 4 LEs         ; 4 LEs                ; 0 LEs                  ; Yes        ; |vga|y[1]                  ;
+--------------------+-----------+---------------+----------------------+------------------------+------------+----------------------------+


+-----------------------------------------------+
; Source assignments for Top-level Entity: |vga ;
+------------+---------+------+-----------------+
; Assignment ; Value   ; From ; To              ;
+------------+---------+------+-----------------+
; LOCATION   ; Pin_Y1  ; -    ; red[3]          ;
; LOCATION   ; Pin_Y2  ; -    ; red[2]          ;
; LOCATION   ; Pin_v1  ; -    ; red[1]          ;
; LOCATION   ; Pin_AA1 ; -    ; red[0]          ;
; LOCATION   ; Pin_R1  ; -    ; green[3]        ;
; LOCATION   ; Pin_R2  ; -    ; green[2]        ;
; LOCATION   ; Pin_T2  ; -    ; green[1]        ;
; LOCATION   ; Pin_W1  ; -    ; green[0]        ;
; LOCATION   ; Pin_N2  ; -    ; blue[3]         ;
; LOCATION   ; Pin_P4  ; -    ; blue[2]         ;
; LOCATION   ; Pin_T1  ; -    ; blue[1]         ;
; LOCATION   ; Pin_P1  ; -    ; blue[0]         ;
; LOCATION   ; Pin_P11 ; -    ; clk50MHz        ;
; LOCATION   ; Pin_C10 ; -    ; sw1             ;
; LOCATION   ; Pin_C11 ; -    ; sw2             ;
; LOCATION   ; Pin_D12 ; -    ; sw3             ;
; LOCATION   ; Pin_C12 ; -    ; sw4             ;
; LOCATION   ; Pin_N3  ; -    ; h_sync          ;
; LOCATION   ; Pin_N1  ; -    ; v_sync          ;
+------------+---------+------+-----------------+


+---------------------------------------------------------------------+
; Parameter Settings for User Entity Instance: Top-level Entity: |vga ;
+----------------+-------+--------------------------------------------+
; Parameter Name ; Value ; Type                                       ;
+----------------+-------+--------------------------------------------+
; h_pulse        ; 96    ; Signed Integer                             ;
; h_bp           ; 48    ; Signed Integer                             ;
; h_pixels       ; 640   ; Signed Integer                             ;
; h_fp           ; 16    ; Signed Integer                             ;
; v_pulse        ; 2     ; Signed Integer                             ;
; v_bp           ; 33    ; Signed Integer                             ;
; v_pixels       ; 480   ; Signed Integer                             ;
; v_fp           ; 10    ; Signed Integer                             ;
+----------------+-------+--------------------------------------------+
Note: In order to hide this table in the UI and the text report file, please set the "Show Parameter Settings in Synthesis Report" option in "Analysis and Synthesis Settings -> More Settings" to "Off".


+-----------------------------------------------------+
; Post-Synthesis Netlist Statistics for Top Partition ;
+-----------------------+-----------------------------+
; Type                  ; Count                       ;
+-----------------------+-----------------------------+
; boundary_port         ; 19                          ;
; cycloneiii_ff         ; 55                          ;
;     ENA               ; 21                          ;
;     ENA SCLR          ; 10                          ;
;     SCLR              ; 10                          ;
;     plain             ; 14                          ;
; cycloneiii_lcell_comb ; 1345                        ;
;     arith             ; 898                         ;
;         2 data inputs ; 229                         ;
;         3 data inputs ; 669                         ;
;     normal            ; 447                         ;
;         0 data inputs ; 23                          ;
;         1 data inputs ; 7                           ;
;         2 data inputs ; 119                         ;
;         3 data inputs ; 61                          ;
;         4 data inputs ; 237                         ;
;                       ;                             ;
; Max LUT depth         ; 13.00                       ;
; Average LUT depth     ; 9.21                        ;
+-----------------------+-----------------------------+


+-------------------------------+
; Elapsed Time Per Partition    ;
+----------------+--------------+
; Partition Name ; Elapsed Time ;
+----------------+--------------+
; Top            ; 00:00:02     ;
+----------------+--------------+


+-------------------------------+
; Analysis & Synthesis Messages ;
+-------------------------------+
Info: *******************************************************************
Info: Running Quartus Prime Analysis & Synthesis
    Info: Version 20.1.1 Build 720 11/11/2020 SJ Lite Edition
    Info: Processing started: Sat Nov 04 19:38:38 2023
Info: Command: quartus_map --read_settings_files=on --write_settings_files=off Practica10 -c Practica10
Warning (18236): Number of processors has not been specified which may cause overloading on shared machines.  Set the global assignment NUM_PARALLEL_PROCESSORS in your QSF to an appropriate value for best performance.
Info (20030): Parallel compilation is enabled and will use 2 of the 2 processors detected
Info (12021): Found 2 design units, including 1 entities, in source file vga.vhd
    Info (12022): Found design unit 1: vga-behaivoral File: C:/Users/IsraCode/Documents/FI/2024-1/VLSI/p10/complementaria/Practica10/vga.vhd Line: 26
    Info (12023): Found entity 1: vga File: C:/Users/IsraCode/Documents/FI/2024-1/VLSI/p10/complementaria/Practica10/vga.vhd Line: 5
Info (12127): Elaborating entity "vga" for the top level hierarchy
Warning (10492): VHDL Process Statement warning at vga.vhd(116): signal "y" is read inside the Process Statement but isn't in the Process Statement's sensitivity list File: C:/Users/IsraCode/Documents/FI/2024-1/VLSI/p10/complementaria/Practica10/vga.vhd Line: 116
Warning (10492): VHDL Process Statement warning at vga.vhd(116): signal "x" is read inside the Process Statement but isn't in the Process Statement's sensitivity list File: C:/Users/IsraCode/Documents/FI/2024-1/VLSI/p10/complementaria/Practica10/vga.vhd Line: 116
Warning (10492): VHDL Process Statement warning at vga.vhd(120): signal "y" is read inside the Process Statement but isn't in the Process Statement's sensitivity list File: C:/Users/IsraCode/Documents/FI/2024-1/VLSI/p10/complementaria/Practica10/vga.vhd Line: 120
Warning (10492): VHDL Process Statement warning at vga.vhd(120): signal "x" is read inside the Process Statement but isn't in the Process Statement's sensitivity list File: C:/Users/IsraCode/Documents/FI/2024-1/VLSI/p10/complementaria/Practica10/vga.vhd Line: 120
Warning (10492): VHDL Process Statement warning at vga.vhd(124): signal "y" is read inside the Process Statement but isn't in the Process Statement's sensitivity list File: C:/Users/IsraCode/Documents/FI/2024-1/VLSI/p10/complementaria/Practica10/vga.vhd Line: 124
Warning (10492): VHDL Process Statement warning at vga.vhd(124): signal "x" is read inside the Process Statement but isn't in the Process Statement's sensitivity list File: C:/Users/IsraCode/Documents/FI/2024-1/VLSI/p10/complementaria/Practica10/vga.vhd Line: 124
Warning (10492): VHDL Process Statement warning at vga.vhd(128): signal "y" is read inside the Process Statement but isn't in the Process Statement's sensitivity list File: C:/Users/IsraCode/Documents/FI/2024-1/VLSI/p10/complementaria/Practica10/vga.vhd Line: 128
Warning (10492): VHDL Process Statement warning at vga.vhd(128): signal "x" is read inside the Process Statement but isn't in the Process Statement's sensitivity list File: C:/Users/IsraCode/Documents/FI/2024-1/VLSI/p10/complementaria/Practica10/vga.vhd Line: 128
Warning (10492): VHDL Process Statement warning at vga.vhd(132): signal "y" is read inside the Process Statement but isn't in the Process Statement's sensitivity list File: C:/Users/IsraCode/Documents/FI/2024-1/VLSI/p10/complementaria/Practica10/vga.vhd Line: 132
Warning (10492): VHDL Process Statement warning at vga.vhd(132): signal "x" is read inside the Process Statement but isn't in the Process Statement's sensitivity list File: C:/Users/IsraCode/Documents/FI/2024-1/VLSI/p10/complementaria/Practica10/vga.vhd Line: 132
Warning (10492): VHDL Process Statement warning at vga.vhd(136): signal "y" is read inside the Process Statement but isn't in the Process Statement's sensitivity list File: C:/Users/IsraCode/Documents/FI/2024-1/VLSI/p10/complementaria/Practica10/vga.vhd Line: 136
Warning (10492): VHDL Process Statement warning at vga.vhd(136): signal "x" is read inside the Process Statement but isn't in the Process Statement's sensitivity list File: C:/Users/IsraCode/Documents/FI/2024-1/VLSI/p10/complementaria/Practica10/vga.vhd Line: 136
Warning (10492): VHDL Process Statement warning at vga.vhd(140): signal "y" is read inside the Process Statement but isn't in the Process Statement's sensitivity list File: C:/Users/IsraCode/Documents/FI/2024-1/VLSI/p10/complementaria/Practica10/vga.vhd Line: 140
Warning (10492): VHDL Process Statement warning at vga.vhd(140): signal "x" is read inside the Process Statement but isn't in the Process Statement's sensitivity list File: C:/Users/IsraCode/Documents/FI/2024-1/VLSI/p10/complementaria/Practica10/vga.vhd Line: 140
Warning (10492): VHDL Process Statement warning at vga.vhd(144): signal "y" is read inside the Process Statement but isn't in the Process Statement's sensitivity list File: C:/Users/IsraCode/Documents/FI/2024-1/VLSI/p10/complementaria/Practica10/vga.vhd Line: 144
Warning (10492): VHDL Process Statement warning at vga.vhd(144): signal "x" is read inside the Process Statement but isn't in the Process Statement's sensitivity list File: C:/Users/IsraCode/Documents/FI/2024-1/VLSI/p10/complementaria/Practica10/vga.vhd Line: 144
Warning (10492): VHDL Process Statement warning at vga.vhd(148): signal "y" is read inside the Process Statement but isn't in the Process Statement's sensitivity list File: C:/Users/IsraCode/Documents/FI/2024-1/VLSI/p10/complementaria/Practica10/vga.vhd Line: 148
Warning (10492): VHDL Process Statement warning at vga.vhd(148): signal "x" is read inside the Process Statement but isn't in the Process Statement's sensitivity list File: C:/Users/IsraCode/Documents/FI/2024-1/VLSI/p10/complementaria/Practica10/vga.vhd Line: 148
Warning (10492): VHDL Process Statement warning at vga.vhd(152): signal "y" is read inside the Process Statement but isn't in the Process Statement's sensitivity list File: C:/Users/IsraCode/Documents/FI/2024-1/VLSI/p10/complementaria/Practica10/vga.vhd Line: 152
Warning (10492): VHDL Process Statement warning at vga.vhd(152): signal "x" is read inside the Process Statement but isn't in the Process Statement's sensitivity list File: C:/Users/IsraCode/Documents/FI/2024-1/VLSI/p10/complementaria/Practica10/vga.vhd Line: 152
Warning (10492): VHDL Process Statement warning at vga.vhd(156): signal "y" is read inside the Process Statement but isn't in the Process Statement's sensitivity list File: C:/Users/IsraCode/Documents/FI/2024-1/VLSI/p10/complementaria/Practica10/vga.vhd Line: 156
Warning (10492): VHDL Process Statement warning at vga.vhd(156): signal "x" is read inside the Process Statement but isn't in the Process Statement's sensitivity list File: C:/Users/IsraCode/Documents/FI/2024-1/VLSI/p10/complementaria/Practica10/vga.vhd Line: 156
Warning (10492): VHDL Process Statement warning at vga.vhd(160): signal "y" is read inside the Process Statement but isn't in the Process Statement's sensitivity list File: C:/Users/IsraCode/Documents/FI/2024-1/VLSI/p10/complementaria/Practica10/vga.vhd Line: 160
Warning (10492): VHDL Process Statement warning at vga.vhd(160): signal "x" is read inside the Process Statement but isn't in the Process Statement's sensitivity list File: C:/Users/IsraCode/Documents/FI/2024-1/VLSI/p10/complementaria/Practica10/vga.vhd Line: 160
Warning (10492): VHDL Process Statement warning at vga.vhd(164): signal "y" is read inside the Process Statement but isn't in the Process Statement's sensitivity list File: C:/Users/IsraCode/Documents/FI/2024-1/VLSI/p10/complementaria/Practica10/vga.vhd Line: 164
Warning (10492): VHDL Process Statement warning at vga.vhd(164): signal "x" is read inside the Process Statement but isn't in the Process Statement's sensitivity list File: C:/Users/IsraCode/Documents/FI/2024-1/VLSI/p10/complementaria/Practica10/vga.vhd Line: 164
Warning (10492): VHDL Process Statement warning at vga.vhd(168): signal "y" is read inside the Process Statement but isn't in the Process Statement's sensitivity list File: C:/Users/IsraCode/Documents/FI/2024-1/VLSI/p10/complementaria/Practica10/vga.vhd Line: 168
Warning (10492): VHDL Process Statement warning at vga.vhd(168): signal "x" is read inside the Process Statement but isn't in the Process Statement's sensitivity list File: C:/Users/IsraCode/Documents/FI/2024-1/VLSI/p10/complementaria/Practica10/vga.vhd Line: 168
Warning (10492): VHDL Process Statement warning at vga.vhd(172): signal "y" is read inside the Process Statement but isn't in the Process Statement's sensitivity list File: C:/Users/IsraCode/Documents/FI/2024-1/VLSI/p10/complementaria/Practica10/vga.vhd Line: 172
Warning (10492): VHDL Process Statement warning at vga.vhd(172): signal "x" is read inside the Process Statement but isn't in the Process Statement's sensitivity list File: C:/Users/IsraCode/Documents/FI/2024-1/VLSI/p10/complementaria/Practica10/vga.vhd Line: 172
Warning (10492): VHDL Process Statement warning at vga.vhd(176): signal "y" is read inside the Process Statement but isn't in the Process Statement's sensitivity list File: C:/Users/IsraCode/Documents/FI/2024-1/VLSI/p10/complementaria/Practica10/vga.vhd Line: 176
Warning (10492): VHDL Process Statement warning at vga.vhd(176): signal "x" is read inside the Process Statement but isn't in the Process Statement's sensitivity list File: C:/Users/IsraCode/Documents/FI/2024-1/VLSI/p10/complementaria/Practica10/vga.vhd Line: 176
Warning (10492): VHDL Process Statement warning at vga.vhd(180): signal "y" is read inside the Process Statement but isn't in the Process Statement's sensitivity list File: C:/Users/IsraCode/Documents/FI/2024-1/VLSI/p10/complementaria/Practica10/vga.vhd Line: 180
Warning (10492): VHDL Process Statement warning at vga.vhd(180): signal "x" is read inside the Process Statement but isn't in the Process Statement's sensitivity list File: C:/Users/IsraCode/Documents/FI/2024-1/VLSI/p10/complementaria/Practica10/vga.vhd Line: 180
Warning (10492): VHDL Process Statement warning at vga.vhd(184): signal "y" is read inside the Process Statement but isn't in the Process Statement's sensitivity list File: C:/Users/IsraCode/Documents/FI/2024-1/VLSI/p10/complementaria/Practica10/vga.vhd Line: 184
Warning (10492): VHDL Process Statement warning at vga.vhd(184): signal "x" is read inside the Process Statement but isn't in the Process Statement's sensitivity list File: C:/Users/IsraCode/Documents/FI/2024-1/VLSI/p10/complementaria/Practica10/vga.vhd Line: 184
Warning (10492): VHDL Process Statement warning at vga.vhd(188): signal "y" is read inside the Process Statement but isn't in the Process Statement's sensitivity list File: C:/Users/IsraCode/Documents/FI/2024-1/VLSI/p10/complementaria/Practica10/vga.vhd Line: 188
Warning (10492): VHDL Process Statement warning at vga.vhd(188): signal "x" is read inside the Process Statement but isn't in the Process Statement's sensitivity list File: C:/Users/IsraCode/Documents/FI/2024-1/VLSI/p10/complementaria/Practica10/vga.vhd Line: 188
Warning (10492): VHDL Process Statement warning at vga.vhd(192): signal "y" is read inside the Process Statement but isn't in the Process Statement's sensitivity list File: C:/Users/IsraCode/Documents/FI/2024-1/VLSI/p10/complementaria/Practica10/vga.vhd Line: 192
Warning (10492): VHDL Process Statement warning at vga.vhd(192): signal "x" is read inside the Process Statement but isn't in the Process Statement's sensitivity list File: C:/Users/IsraCode/Documents/FI/2024-1/VLSI/p10/complementaria/Practica10/vga.vhd Line: 192
Warning (10492): VHDL Process Statement warning at vga.vhd(196): signal "y" is read inside the Process Statement but isn't in the Process Statement's sensitivity list File: C:/Users/IsraCode/Documents/FI/2024-1/VLSI/p10/complementaria/Practica10/vga.vhd Line: 196
Warning (10492): VHDL Process Statement warning at vga.vhd(196): signal "x" is read inside the Process Statement but isn't in the Process Statement's sensitivity list File: C:/Users/IsraCode/Documents/FI/2024-1/VLSI/p10/complementaria/Practica10/vga.vhd Line: 196
Warning (10492): VHDL Process Statement warning at vga.vhd(200): signal "y" is read inside the Process Statement but isn't in the Process Statement's sensitivity list File: C:/Users/IsraCode/Documents/FI/2024-1/VLSI/p10/complementaria/Practica10/vga.vhd Line: 200
Warning (10492): VHDL Process Statement warning at vga.vhd(200): signal "x" is read inside the Process Statement but isn't in the Process Statement's sensitivity list File: C:/Users/IsraCode/Documents/FI/2024-1/VLSI/p10/complementaria/Practica10/vga.vhd Line: 200
Warning (10492): VHDL Process Statement warning at vga.vhd(204): signal "y" is read inside the Process Statement but isn't in the Process Statement's sensitivity list File: C:/Users/IsraCode/Documents/FI/2024-1/VLSI/p10/complementaria/Practica10/vga.vhd Line: 204
Warning (10492): VHDL Process Statement warning at vga.vhd(204): signal "x" is read inside the Process Statement but isn't in the Process Statement's sensitivity list File: C:/Users/IsraCode/Documents/FI/2024-1/VLSI/p10/complementaria/Practica10/vga.vhd Line: 204
Warning (10492): VHDL Process Statement warning at vga.vhd(208): signal "y" is read inside the Process Statement but isn't in the Process Statement's sensitivity list File: C:/Users/IsraCode/Documents/FI/2024-1/VLSI/p10/complementaria/Practica10/vga.vhd Line: 208
Warning (10492): VHDL Process Statement warning at vga.vhd(208): signal "x" is read inside the Process Statement but isn't in the Process Statement's sensitivity list File: C:/Users/IsraCode/Documents/FI/2024-1/VLSI/p10/complementaria/Practica10/vga.vhd Line: 208
Warning (10492): VHDL Process Statement warning at vga.vhd(212): signal "y" is read inside the Process Statement but isn't in the Process Statement's sensitivity list File: C:/Users/IsraCode/Documents/FI/2024-1/VLSI/p10/complementaria/Practica10/vga.vhd Line: 212
Warning (10492): VHDL Process Statement warning at vga.vhd(212): signal "x" is read inside the Process Statement but isn't in the Process Statement's sensitivity list File: C:/Users/IsraCode/Documents/FI/2024-1/VLSI/p10/complementaria/Practica10/vga.vhd Line: 212
Warning (10492): VHDL Process Statement warning at vga.vhd(216): signal "y" is read inside the Process Statement but isn't in the Process Statement's sensitivity list File: C:/Users/IsraCode/Documents/FI/2024-1/VLSI/p10/complementaria/Practica10/vga.vhd Line: 216
Warning (10492): VHDL Process Statement warning at vga.vhd(216): signal "x" is read inside the Process Statement but isn't in the Process Statement's sensitivity list File: C:/Users/IsraCode/Documents/FI/2024-1/VLSI/p10/complementaria/Practica10/vga.vhd Line: 216
Warning (10492): VHDL Process Statement warning at vga.vhd(220): signal "y" is read inside the Process Statement but isn't in the Process Statement's sensitivity list File: C:/Users/IsraCode/Documents/FI/2024-1/VLSI/p10/complementaria/Practica10/vga.vhd Line: 220
Warning (10492): VHDL Process Statement warning at vga.vhd(220): signal "x" is read inside the Process Statement but isn't in the Process Statement's sensitivity list File: C:/Users/IsraCode/Documents/FI/2024-1/VLSI/p10/complementaria/Practica10/vga.vhd Line: 220
Warning (10492): VHDL Process Statement warning at vga.vhd(224): signal "y" is read inside the Process Statement but isn't in the Process Statement's sensitivity list File: C:/Users/IsraCode/Documents/FI/2024-1/VLSI/p10/complementaria/Practica10/vga.vhd Line: 224
Warning (10492): VHDL Process Statement warning at vga.vhd(224): signal "x" is read inside the Process Statement but isn't in the Process Statement's sensitivity list File: C:/Users/IsraCode/Documents/FI/2024-1/VLSI/p10/complementaria/Practica10/vga.vhd Line: 224
Warning (10492): VHDL Process Statement warning at vga.vhd(228): signal "y" is read inside the Process Statement but isn't in the Process Statement's sensitivity list File: C:/Users/IsraCode/Documents/FI/2024-1/VLSI/p10/complementaria/Practica10/vga.vhd Line: 228
Warning (10492): VHDL Process Statement warning at vga.vhd(228): signal "x" is read inside the Process Statement but isn't in the Process Statement's sensitivity list File: C:/Users/IsraCode/Documents/FI/2024-1/VLSI/p10/complementaria/Practica10/vga.vhd Line: 228
Warning (10492): VHDL Process Statement warning at vga.vhd(232): signal "y" is read inside the Process Statement but isn't in the Process Statement's sensitivity list File: C:/Users/IsraCode/Documents/FI/2024-1/VLSI/p10/complementaria/Practica10/vga.vhd Line: 232
Warning (10492): VHDL Process Statement warning at vga.vhd(232): signal "x" is read inside the Process Statement but isn't in the Process Statement's sensitivity list File: C:/Users/IsraCode/Documents/FI/2024-1/VLSI/p10/complementaria/Practica10/vga.vhd Line: 232
Warning (10492): VHDL Process Statement warning at vga.vhd(236): signal "y" is read inside the Process Statement but isn't in the Process Statement's sensitivity list File: C:/Users/IsraCode/Documents/FI/2024-1/VLSI/p10/complementaria/Practica10/vga.vhd Line: 236
Warning (10492): VHDL Process Statement warning at vga.vhd(236): signal "x" is read inside the Process Statement but isn't in the Process Statement's sensitivity list File: C:/Users/IsraCode/Documents/FI/2024-1/VLSI/p10/complementaria/Practica10/vga.vhd Line: 236
Warning (10492): VHDL Process Statement warning at vga.vhd(240): signal "y" is read inside the Process Statement but isn't in the Process Statement's sensitivity list File: C:/Users/IsraCode/Documents/FI/2024-1/VLSI/p10/complementaria/Practica10/vga.vhd Line: 240
Warning (10492): VHDL Process Statement warning at vga.vhd(240): signal "x" is read inside the Process Statement but isn't in the Process Statement's sensitivity list File: C:/Users/IsraCode/Documents/FI/2024-1/VLSI/p10/complementaria/Practica10/vga.vhd Line: 240
Warning (10492): VHDL Process Statement warning at vga.vhd(244): signal "y" is read inside the Process Statement but isn't in the Process Statement's sensitivity list File: C:/Users/IsraCode/Documents/FI/2024-1/VLSI/p10/complementaria/Practica10/vga.vhd Line: 244
Warning (10492): VHDL Process Statement warning at vga.vhd(244): signal "x" is read inside the Process Statement but isn't in the Process Statement's sensitivity list File: C:/Users/IsraCode/Documents/FI/2024-1/VLSI/p10/complementaria/Practica10/vga.vhd Line: 244
Warning (10492): VHDL Process Statement warning at vga.vhd(248): signal "y" is read inside the Process Statement but isn't in the Process Statement's sensitivity list File: C:/Users/IsraCode/Documents/FI/2024-1/VLSI/p10/complementaria/Practica10/vga.vhd Line: 248
Warning (10492): VHDL Process Statement warning at vga.vhd(248): signal "x" is read inside the Process Statement but isn't in the Process Statement's sensitivity list File: C:/Users/IsraCode/Documents/FI/2024-1/VLSI/p10/complementaria/Practica10/vga.vhd Line: 248
Warning (10492): VHDL Process Statement warning at vga.vhd(252): signal "y" is read inside the Process Statement but isn't in the Process Statement's sensitivity list File: C:/Users/IsraCode/Documents/FI/2024-1/VLSI/p10/complementaria/Practica10/vga.vhd Line: 252
Warning (10492): VHDL Process Statement warning at vga.vhd(252): signal "x" is read inside the Process Statement but isn't in the Process Statement's sensitivity list File: C:/Users/IsraCode/Documents/FI/2024-1/VLSI/p10/complementaria/Practica10/vga.vhd Line: 252
Warning (10492): VHDL Process Statement warning at vga.vhd(256): signal "y" is read inside the Process Statement but isn't in the Process Statement's sensitivity list File: C:/Users/IsraCode/Documents/FI/2024-1/VLSI/p10/complementaria/Practica10/vga.vhd Line: 256
Warning (10492): VHDL Process Statement warning at vga.vhd(256): signal "x" is read inside the Process Statement but isn't in the Process Statement's sensitivity list File: C:/Users/IsraCode/Documents/FI/2024-1/VLSI/p10/complementaria/Practica10/vga.vhd Line: 256
Warning (10492): VHDL Process Statement warning at vga.vhd(260): signal "y" is read inside the Process Statement but isn't in the Process Statement's sensitivity list File: C:/Users/IsraCode/Documents/FI/2024-1/VLSI/p10/complementaria/Practica10/vga.vhd Line: 260
Warning (10492): VHDL Process Statement warning at vga.vhd(260): signal "x" is read inside the Process Statement but isn't in the Process Statement's sensitivity list File: C:/Users/IsraCode/Documents/FI/2024-1/VLSI/p10/complementaria/Practica10/vga.vhd Line: 260
Warning (10492): VHDL Process Statement warning at vga.vhd(264): signal "y" is read inside the Process Statement but isn't in the Process Statement's sensitivity list File: C:/Users/IsraCode/Documents/FI/2024-1/VLSI/p10/complementaria/Practica10/vga.vhd Line: 264
Warning (10492): VHDL Process Statement warning at vga.vhd(264): signal "x" is read inside the Process Statement but isn't in the Process Statement's sensitivity list File: C:/Users/IsraCode/Documents/FI/2024-1/VLSI/p10/complementaria/Practica10/vga.vhd Line: 264
Warning (10492): VHDL Process Statement warning at vga.vhd(268): signal "y" is read inside the Process Statement but isn't in the Process Statement's sensitivity list File: C:/Users/IsraCode/Documents/FI/2024-1/VLSI/p10/complementaria/Practica10/vga.vhd Line: 268
Warning (10492): VHDL Process Statement warning at vga.vhd(268): signal "x" is read inside the Process Statement but isn't in the Process Statement's sensitivity list File: C:/Users/IsraCode/Documents/FI/2024-1/VLSI/p10/complementaria/Practica10/vga.vhd Line: 268
Warning (10492): VHDL Process Statement warning at vga.vhd(272): signal "y" is read inside the Process Statement but isn't in the Process Statement's sensitivity list File: C:/Users/IsraCode/Documents/FI/2024-1/VLSI/p10/complementaria/Practica10/vga.vhd Line: 272
Warning (10492): VHDL Process Statement warning at vga.vhd(272): signal "x" is read inside the Process Statement but isn't in the Process Statement's sensitivity list File: C:/Users/IsraCode/Documents/FI/2024-1/VLSI/p10/complementaria/Practica10/vga.vhd Line: 272
Warning (10492): VHDL Process Statement warning at vga.vhd(276): signal "y" is read inside the Process Statement but isn't in the Process Statement's sensitivity list File: C:/Users/IsraCode/Documents/FI/2024-1/VLSI/p10/complementaria/Practica10/vga.vhd Line: 276
Warning (10492): VHDL Process Statement warning at vga.vhd(276): signal "x" is read inside the Process Statement but isn't in the Process Statement's sensitivity list File: C:/Users/IsraCode/Documents/FI/2024-1/VLSI/p10/complementaria/Practica10/vga.vhd Line: 276
Warning (10492): VHDL Process Statement warning at vga.vhd(280): signal "y" is read inside the Process Statement but isn't in the Process Statement's sensitivity list File: C:/Users/IsraCode/Documents/FI/2024-1/VLSI/p10/complementaria/Practica10/vga.vhd Line: 280
Warning (10492): VHDL Process Statement warning at vga.vhd(280): signal "x" is read inside the Process Statement but isn't in the Process Statement's sensitivity list File: C:/Users/IsraCode/Documents/FI/2024-1/VLSI/p10/complementaria/Practica10/vga.vhd Line: 280
Warning (10492): VHDL Process Statement warning at vga.vhd(284): signal "y" is read inside the Process Statement but isn't in the Process Statement's sensitivity list File: C:/Users/IsraCode/Documents/FI/2024-1/VLSI/p10/complementaria/Practica10/vga.vhd Line: 284
Warning (10492): VHDL Process Statement warning at vga.vhd(284): signal "x" is read inside the Process Statement but isn't in the Process Statement's sensitivity list File: C:/Users/IsraCode/Documents/FI/2024-1/VLSI/p10/complementaria/Practica10/vga.vhd Line: 284
Warning (10492): VHDL Process Statement warning at vga.vhd(288): signal "y" is read inside the Process Statement but isn't in the Process Statement's sensitivity list File: C:/Users/IsraCode/Documents/FI/2024-1/VLSI/p10/complementaria/Practica10/vga.vhd Line: 288
Warning (10492): VHDL Process Statement warning at vga.vhd(288): signal "x" is read inside the Process Statement but isn't in the Process Statement's sensitivity list File: C:/Users/IsraCode/Documents/FI/2024-1/VLSI/p10/complementaria/Practica10/vga.vhd Line: 288
Warning (10492): VHDL Process Statement warning at vga.vhd(292): signal "y" is read inside the Process Statement but isn't in the Process Statement's sensitivity list File: C:/Users/IsraCode/Documents/FI/2024-1/VLSI/p10/complementaria/Practica10/vga.vhd Line: 292
Warning (10492): VHDL Process Statement warning at vga.vhd(292): signal "x" is read inside the Process Statement but isn't in the Process Statement's sensitivity list File: C:/Users/IsraCode/Documents/FI/2024-1/VLSI/p10/complementaria/Practica10/vga.vhd Line: 292
Warning (10492): VHDL Process Statement warning at vga.vhd(296): signal "y" is read inside the Process Statement but isn't in the Process Statement's sensitivity list File: C:/Users/IsraCode/Documents/FI/2024-1/VLSI/p10/complementaria/Practica10/vga.vhd Line: 296
Warning (10492): VHDL Process Statement warning at vga.vhd(296): signal "x" is read inside the Process Statement but isn't in the Process Statement's sensitivity list File: C:/Users/IsraCode/Documents/FI/2024-1/VLSI/p10/complementaria/Practica10/vga.vhd Line: 296
Warning (10492): VHDL Process Statement warning at vga.vhd(300): signal "y" is read inside the Process Statement but isn't in the Process Statement's sensitivity list File: C:/Users/IsraCode/Documents/FI/2024-1/VLSI/p10/complementaria/Practica10/vga.vhd Line: 300
Warning (10492): VHDL Process Statement warning at vga.vhd(300): signal "x" is read inside the Process Statement but isn't in the Process Statement's sensitivity list File: C:/Users/IsraCode/Documents/FI/2024-1/VLSI/p10/complementaria/Practica10/vga.vhd Line: 300
Warning (10492): VHDL Process Statement warning at vga.vhd(304): signal "y" is read inside the Process Statement but isn't in the Process Statement's sensitivity list File: C:/Users/IsraCode/Documents/FI/2024-1/VLSI/p10/complementaria/Practica10/vga.vhd Line: 304
Warning (10492): VHDL Process Statement warning at vga.vhd(304): signal "x" is read inside the Process Statement but isn't in the Process Statement's sensitivity list File: C:/Users/IsraCode/Documents/FI/2024-1/VLSI/p10/complementaria/Practica10/vga.vhd Line: 304
Warning (10492): VHDL Process Statement warning at vga.vhd(308): signal "y" is read inside the Process Statement but isn't in the Process Statement's sensitivity list File: C:/Users/IsraCode/Documents/FI/2024-1/VLSI/p10/complementaria/Practica10/vga.vhd Line: 308
Warning (10492): VHDL Process Statement warning at vga.vhd(308): signal "x" is read inside the Process Statement but isn't in the Process Statement's sensitivity list File: C:/Users/IsraCode/Documents/FI/2024-1/VLSI/p10/complementaria/Practica10/vga.vhd Line: 308
Warning (10492): VHDL Process Statement warning at vga.vhd(312): signal "y" is read inside the Process Statement but isn't in the Process Statement's sensitivity list File: C:/Users/IsraCode/Documents/FI/2024-1/VLSI/p10/complementaria/Practica10/vga.vhd Line: 312
Warning (10492): VHDL Process Statement warning at vga.vhd(312): signal "x" is read inside the Process Statement but isn't in the Process Statement's sensitivity list File: C:/Users/IsraCode/Documents/FI/2024-1/VLSI/p10/complementaria/Practica10/vga.vhd Line: 312
Warning (10492): VHDL Process Statement warning at vga.vhd(316): signal "y" is read inside the Process Statement but isn't in the Process Statement's sensitivity list File: C:/Users/IsraCode/Documents/FI/2024-1/VLSI/p10/complementaria/Practica10/vga.vhd Line: 316
Warning (10492): VHDL Process Statement warning at vga.vhd(316): signal "x" is read inside the Process Statement but isn't in the Process Statement's sensitivity list File: C:/Users/IsraCode/Documents/FI/2024-1/VLSI/p10/complementaria/Practica10/vga.vhd Line: 316
Warning (10492): VHDL Process Statement warning at vga.vhd(320): signal "y" is read inside the Process Statement but isn't in the Process Statement's sensitivity list File: C:/Users/IsraCode/Documents/FI/2024-1/VLSI/p10/complementaria/Practica10/vga.vhd Line: 320
Warning (10492): VHDL Process Statement warning at vga.vhd(320): signal "x" is read inside the Process Statement but isn't in the Process Statement's sensitivity list File: C:/Users/IsraCode/Documents/FI/2024-1/VLSI/p10/complementaria/Practica10/vga.vhd Line: 320
Warning (10492): VHDL Process Statement warning at vga.vhd(324): signal "y" is read inside the Process Statement but isn't in the Process Statement's sensitivity list File: C:/Users/IsraCode/Documents/FI/2024-1/VLSI/p10/complementaria/Practica10/vga.vhd Line: 324
Warning (10492): VHDL Process Statement warning at vga.vhd(324): signal "x" is read inside the Process Statement but isn't in the Process Statement's sensitivity list File: C:/Users/IsraCode/Documents/FI/2024-1/VLSI/p10/complementaria/Practica10/vga.vhd Line: 324
Warning (10492): VHDL Process Statement warning at vga.vhd(328): signal "y" is read inside the Process Statement but isn't in the Process Statement's sensitivity list File: C:/Users/IsraCode/Documents/FI/2024-1/VLSI/p10/complementaria/Practica10/vga.vhd Line: 328
Warning (10492): VHDL Process Statement warning at vga.vhd(328): signal "x" is read inside the Process Statement but isn't in the Process Statement's sensitivity list File: C:/Users/IsraCode/Documents/FI/2024-1/VLSI/p10/complementaria/Practica10/vga.vhd Line: 328
Warning (10492): VHDL Process Statement warning at vga.vhd(332): signal "y" is read inside the Process Statement but isn't in the Process Statement's sensitivity list File: C:/Users/IsraCode/Documents/FI/2024-1/VLSI/p10/complementaria/Practica10/vga.vhd Line: 332
Warning (10492): VHDL Process Statement warning at vga.vhd(332): signal "x" is read inside the Process Statement but isn't in the Process Statement's sensitivity list File: C:/Users/IsraCode/Documents/FI/2024-1/VLSI/p10/complementaria/Practica10/vga.vhd Line: 332
Warning (10492): VHDL Process Statement warning at vga.vhd(336): signal "y" is read inside the Process Statement but isn't in the Process Statement's sensitivity list File: C:/Users/IsraCode/Documents/FI/2024-1/VLSI/p10/complementaria/Practica10/vga.vhd Line: 336
Warning (10492): VHDL Process Statement warning at vga.vhd(336): signal "x" is read inside the Process Statement but isn't in the Process Statement's sensitivity list File: C:/Users/IsraCode/Documents/FI/2024-1/VLSI/p10/complementaria/Practica10/vga.vhd Line: 336
Warning (10492): VHDL Process Statement warning at vga.vhd(340): signal "y" is read inside the Process Statement but isn't in the Process Statement's sensitivity list File: C:/Users/IsraCode/Documents/FI/2024-1/VLSI/p10/complementaria/Practica10/vga.vhd Line: 340
Warning (10492): VHDL Process Statement warning at vga.vhd(340): signal "x" is read inside the Process Statement but isn't in the Process Statement's sensitivity list File: C:/Users/IsraCode/Documents/FI/2024-1/VLSI/p10/complementaria/Practica10/vga.vhd Line: 340
Warning (10492): VHDL Process Statement warning at vga.vhd(344): signal "y" is read inside the Process Statement but isn't in the Process Statement's sensitivity list File: C:/Users/IsraCode/Documents/FI/2024-1/VLSI/p10/complementaria/Practica10/vga.vhd Line: 344
Warning (10492): VHDL Process Statement warning at vga.vhd(344): signal "x" is read inside the Process Statement but isn't in the Process Statement's sensitivity list File: C:/Users/IsraCode/Documents/FI/2024-1/VLSI/p10/complementaria/Practica10/vga.vhd Line: 344
Warning (10492): VHDL Process Statement warning at vga.vhd(348): signal "y" is read inside the Process Statement but isn't in the Process Statement's sensitivity list File: C:/Users/IsraCode/Documents/FI/2024-1/VLSI/p10/complementaria/Practica10/vga.vhd Line: 348
Warning (10492): VHDL Process Statement warning at vga.vhd(348): signal "x" is read inside the Process Statement but isn't in the Process Statement's sensitivity list File: C:/Users/IsraCode/Documents/FI/2024-1/VLSI/p10/complementaria/Practica10/vga.vhd Line: 348
Warning (10492): VHDL Process Statement warning at vga.vhd(352): signal "y" is read inside the Process Statement but isn't in the Process Statement's sensitivity list File: C:/Users/IsraCode/Documents/FI/2024-1/VLSI/p10/complementaria/Practica10/vga.vhd Line: 352
Warning (10492): VHDL Process Statement warning at vga.vhd(352): signal "x" is read inside the Process Statement but isn't in the Process Statement's sensitivity list File: C:/Users/IsraCode/Documents/FI/2024-1/VLSI/p10/complementaria/Practica10/vga.vhd Line: 352
Warning (10492): VHDL Process Statement warning at vga.vhd(356): signal "y" is read inside the Process Statement but isn't in the Process Statement's sensitivity list File: C:/Users/IsraCode/Documents/FI/2024-1/VLSI/p10/complementaria/Practica10/vga.vhd Line: 356
Warning (10492): VHDL Process Statement warning at vga.vhd(356): signal "x" is read inside the Process Statement but isn't in the Process Statement's sensitivity list File: C:/Users/IsraCode/Documents/FI/2024-1/VLSI/p10/complementaria/Practica10/vga.vhd Line: 356
Warning (10492): VHDL Process Statement warning at vga.vhd(360): signal "y" is read inside the Process Statement but isn't in the Process Statement's sensitivity list File: C:/Users/IsraCode/Documents/FI/2024-1/VLSI/p10/complementaria/Practica10/vga.vhd Line: 360
Warning (10492): VHDL Process Statement warning at vga.vhd(360): signal "x" is read inside the Process Statement but isn't in the Process Statement's sensitivity list File: C:/Users/IsraCode/Documents/FI/2024-1/VLSI/p10/complementaria/Practica10/vga.vhd Line: 360
Warning (10492): VHDL Process Statement warning at vga.vhd(364): signal "y" is read inside the Process Statement but isn't in the Process Statement's sensitivity list File: C:/Users/IsraCode/Documents/FI/2024-1/VLSI/p10/complementaria/Practica10/vga.vhd Line: 364
Warning (10492): VHDL Process Statement warning at vga.vhd(364): signal "x" is read inside the Process Statement but isn't in the Process Statement's sensitivity list File: C:/Users/IsraCode/Documents/FI/2024-1/VLSI/p10/complementaria/Practica10/vga.vhd Line: 364
Warning (10492): VHDL Process Statement warning at vga.vhd(368): signal "y" is read inside the Process Statement but isn't in the Process Statement's sensitivity list File: C:/Users/IsraCode/Documents/FI/2024-1/VLSI/p10/complementaria/Practica10/vga.vhd Line: 368
Warning (10492): VHDL Process Statement warning at vga.vhd(368): signal "x" is read inside the Process Statement but isn't in the Process Statement's sensitivity list File: C:/Users/IsraCode/Documents/FI/2024-1/VLSI/p10/complementaria/Practica10/vga.vhd Line: 368
Warning (10492): VHDL Process Statement warning at vga.vhd(372): signal "y" is read inside the Process Statement but isn't in the Process Statement's sensitivity list File: C:/Users/IsraCode/Documents/FI/2024-1/VLSI/p10/complementaria/Practica10/vga.vhd Line: 372
Warning (10492): VHDL Process Statement warning at vga.vhd(372): signal "x" is read inside the Process Statement but isn't in the Process Statement's sensitivity list File: C:/Users/IsraCode/Documents/FI/2024-1/VLSI/p10/complementaria/Practica10/vga.vhd Line: 372
Info (286030): Timing-Driven Synthesis is running
Info (16010): Generating hard_block partition "hard_block:auto_generated_inst"
    Info (16011): Adding 0 node(s), including 0 DDIO, 0 PLL, 0 transceiver and 0 LCELL
Info (21057): Implemented 1387 device resources after synthesis - the final resource count might be different
    Info (21058): Implemented 5 input pins
    Info (21059): Implemented 14 output pins
    Info (21061): Implemented 1368 logic cells
Info: Quartus Prime Analysis & Synthesis was successful. 0 errors, 131 warnings
    Info: Peak virtual memory: 4778 megabytes
    Info: Processing ended: Sat Nov 04 19:38:57 2023
    Info: Elapsed time: 00:00:19
    Info: Total CPU time (on all processors): 00:00:35


